------------------------
[09:52:51.680] Запрос: /index.php?route=/database/structure&db=testphp
Время выполнения: 0.050 сек.
------------------------
------------------------
[10:03:47.570] Запрос: /index.php?route=/database/structure&db=testphp
Время выполнения: 0.047 сек.
------------------------
------------------------
[10:43:25.680] Запрос: /
Время выполнения: 0.282 сек.
------------------------
------------------------
[10:44:26.707] Запрос: /
Время выполнения: 0.246 сек.
------------------------
------------------------
[11:06:36.763] Запрос: /
Время выполнения: 0.263 сек.
------------------------
------------------------
[11:06:36.952] Запрос: /images/no_category.png
Время выполнения: 0.018 сек.
------------------------
------------------------
[11:06:59.818] Запрос: /assets/js/bootstrap.esm.js.map
Время выполнения: 0.053 сек.
------------------------
------------------------
[11:07:39.484] Запрос: /images/no_category.png
Время выполнения: 0.065 сек.
------------------------
------------------------
[11:14:01.468] Запрос: /
Время выполнения: 0.254 сек.
------------------------
------------------------
[11:14:40.315] Запрос: /assets/js/bootstrap.esm.js.map
Время выполнения: 0.058 сек.
------------------------
------------------------
[11:39:55.158] Запрос: /
Время выполнения: 0.251 сек.
------------------------
------------------------
[11:39:55.428] Запрос: /assets/js/bootstrap.esm.js.map
Время выполнения: 0.030 сек.
------------------------
------------------------
[11:46:50.159] Запрос: /assets/js/bootstrap.esm.js.map
Время выполнения: 0.055 сек.
------------------------
------------------------
[11:53:50.947] Запрос: /
Время выполнения: 0.246 сек.
------------------------
------------------------
[11:53:51.173] Запрос: /assets/js/bootstrap.esm.js.map
Время выполнения: 0.021 сек.
------------------------
------------------------
[12:01:30.864] Запрос: /
Время выполнения: 0.261 сек.
------------------------
------------------------
[12:01:31.087] Запрос: /assets/js/bootstrap.esm.js.map
Время выполнения: 0.017 сек.
------------------------
------------------------
[12:06:45.680] Запрос: /
Время выполнения: 0.318 сек.
------------------------
------------------------
[12:06:46.036] Запрос: /assets/js/bootstrap.esm.js.map
Время выполнения: 0.024 сек.
------------------------
------------------------
[12:15:55.992] Запрос: /
Время выполнения: 0.271 сек.
------------------------
------------------------
[12:15:56.141] Запрос: /%7B%7B%20mix('/assets/css/app.css')%20%7D%7D
Время выполнения: 0.019 сек.
------------------------
------------------------
[12:15:56.144] Запрос: /%7B%7B%20mix('/assets/js/app.js')%20%7D%7D
Время выполнения: 0.020 сек.
------------------------
------------------------
[12:19:41.995] Запрос: /
Время выполнения: 0.258 сек.
------------------------
------------------------
[12:19:42.184] Запрос: /%7B%7B%20mix('/assets/css/app.css')%20%7D%7D
Время выполнения: 0.019 сек.
------------------------
------------------------
[12:19:42.184] Запрос: /%7B%7B%20mix('/assets/js/app.js')%20%7D%7D
Время выполнения: 0.019 сек.
------------------------
------------------------
[12:21:17.538] Запрос: /
Время выполнения: 0.259 сек.
------------------------
------------------------
[12:21:17.676] Запрос: /%7B%7B%20mix('/assets/css/app.css')%20%7D%7D
Время выполнения: 0.020 сек.
------------------------
------------------------
[12:21:17.676] Запрос: /%7B%7B%20mix('/assets/js/app.js')%20%7D%7D
Время выполнения: 0.019 сек.
------------------------
------------------------
[12:24:16.283] Запрос: /
Время выполнения: 0.279 сек.
------------------------
------------------------
[12:24:16.421] Запрос: /%7B%7B%20mix('/assets/css/app.css')%20%7D%7D
Время выполнения: 0.018 сек.
------------------------
------------------------
[12:24:16.422] Запрос: /%7B%7B%20mix('/assets/js/app.js')%20%7D%7D
Время выполнения: 0.017 сек.
------------------------
------------------------
[12:25:12.084] Запрос: /
Время выполнения: 0.272 сек.
------------------------
------------------------
[12:25:12.221] Запрос: /%7B%7B%20mix('/assets/css/app.css')%20%7D%7D
Время выполнения: 0.020 сек.
------------------------
------------------------
[12:25:12.222] Запрос: /%7B%7B%20mix('/assets/js/app.js')%20%7D%7D
Время выполнения: 0.017 сек.
------------------------
------------------------
[12:26:19.189] Запрос: /
Время выполнения: 0.279 сек.
------------------------
------------------------
[12:26:19.322] Запрос: /%7B%7B%20mix('/assets/css/app.css')%20%7D%7D
Время выполнения: 0.020 сек.
------------------------
------------------------
[12:26:19.322] Запрос: /%7B%7B%20mix('/assets/js/app.js')%20%7D%7D
Время выполнения: 0.017 сек.
------------------------
------------------------
[12:26:28.544] Запрос: /
Время выполнения: 0.258 сек.
------------------------
------------------------
[12:26:28.684] Запрос: /%7B%7B%20mix('/assets/css/app.css')%20%7D%7D
Время выполнения: 0.017 сек.
------------------------
------------------------
[12:26:28.691] Запрос: /%7B%7B%20mix('/assets/js/app.js')%20%7D%7D
Время выполнения: 0.015 сек.
------------------------
------------------------
[12:28:48.124] Запрос: /images/no_category.png
Время выполнения: 0.054 сек.
------------------------
------------------------
[12:42:44.404] Запрос: /
Время выполнения: 0.260 сек.
------------------------
------------------------
[12:42:56.010] Запрос: /assets/js/bootstrap.esm.js.map
Время выполнения: 0.061 сек.
------------------------
------------------------
[12:48:41.684] Запрос: /
Время выполнения: 0.262 сек.
------------------------
------------------------
[12:51:09.667] Запрос: /
Время выполнения: 0.299 сек.
------------------------
------------------------
[12:53:31.896] Запрос: /assets/js/bootstrap.esm.js.map
Время выполнения: 0.053 сек.
------------------------
------------------------
[12:54:23.623] Запрос: /catalog/auto-accessories
Время выполнения: 0.068 сек.
------------------------
------------------------
[12:54:45.521] Запрос: /assets/js/bootstrap.esm.js.map
Время выполнения: 0.062 сек.
------------------------
------------------------
[12:54:57.763] Запрос: /
Время выполнения: 0.260 сек.
------------------------
------------------------
[12:54:57.974] Запрос: /assets/js/bootstrap.esm.js.map
Время выполнения: 0.018 сек.
------------------------
------------------------
[12:55:10.059] Запрос: /
Время выполнения: 0.237 сек.
------------------------
------------------------
[12:55:10.275] Запрос: /assets/js/bootstrap.esm.js.map
Время выполнения: 0.018 сек.
------------------------
------------------------
[12:58:23.693] Запрос: /
Время выполнения: 0.296 сек.
------------------------
------------------------
[12:58:23.968] Запрос: /assets/js/bootstrap.esm.js.map
Время выполнения: 0.020 сек.
------------------------
------------------------
[12:59:39.489] Запрос: /assets/js/bootstrap.esm.js.map
Время выполнения: 0.053 сек.
------------------------
------------------------
[13:09:14.909] Запрос: /
Время выполнения: 0.279 сек.
------------------------
------------------------
[13:09:15.177] Запрос: /assets/js/bootstrap.esm.js.map
Время выполнения: 0.016 сек.
------------------------
------------------------
[13:17:52.955] Запрос: /
Время выполнения: 0.277 сек.
------------------------
------------------------
[13:17:53.194] Запрос: /assets/js/bootstrap.esm.js.map
Время выполнения: 0.019 сек.
------------------------
------------------------
[13:29:38.668] Запрос: /
Время выполнения: 0.261 сек.
------------------------
------------------------
[13:29:38.917] Запрос: /assets/js/bootstrap.esm.js.map
Время выполнения: 0.023 сек.
------------------------
------------------------
[13:36:48.444] Запрос: /
Время выполнения: 0.258 сек.
------------------------
------------------------
[13:36:48.744] Запрос: /assets/js/bootstrap.esm.js.map
Время выполнения: 0.019 сек.
------------------------
------------------------
[13:45:49.707] Запрос: /
Время выполнения: 0.250 сек.
------------------------
------------------------
[13:45:49.936] Запрос: /assets/js/bootstrap.esm.js.map
Время выполнения: 0.022 сек.
------------------------
------------------------
[13:49:02.224] Запрос: /
Время выполнения: 0.243 сек.
------------------------
------------------------
[13:49:02.464] Запрос: /assets/js/bootstrap.esm.js.map
Время выполнения: 0.019 сек.
------------------------
------------------------
[13:51:13.986] Запрос: /
Время выполнения: 0.271 сек.
------------------------
------------------------
[13:51:14.288] Запрос: /assets/js/bootstrap.esm.js.map
Время выполнения: 0.018 сек.
------------------------
------------------------
[13:54:10.560] Запрос: /
Время выполнения: 0.318 сек.
------------------------
------------------------
[13:54:10.811] Запрос: /assets/js/bootstrap.esm.js.map
Время выполнения: 0.021 сек.
------------------------
------------------------
[13:54:15.928] Запрос: /
Время выполнения: 0.145 сек.
------------------------
------------------------
[13:54:16.159] Запрос: /assets/js/bootstrap.esm.js.map
Время выполнения: 0.024 сек.
------------------------
------------------------
[14:08:18.321] Запрос: /
Время выполнения: 0.265 сек.
------------------------
------------------------
[14:08:18.541] Запрос: /assets/js/bootstrap.esm.js.map
Время выполнения: 0.024 сек.
------------------------
------------------------
[14:16:51.847] Запрос: /
Время выполнения: 0.293 сек.
------------------------
------------------------
[14:16:52.069] Запрос: /assets/js/bootstrap.esm.js.map
Время выполнения: 0.017 сек.
------------------------
------------------------
[14:16:54.583] Запрос: /
Время выполнения: 0.241 сек.
------------------------
------------------------
[14:16:54.778] Запрос: /assets/js/bootstrap.esm.js.map
Время выполнения: 0.017 сек.
------------------------
------------------------
[14:20:34.315] Запрос: /
Время выполнения: 0.257 сек.
------------------------
------------------------
[14:20:34.548] Запрос: /assets/js/bootstrap.esm.js.map
Время выполнения: 0.022 сек.
------------------------
------------------------
[14:21:16.926] Запрос: /
Время выполнения: 0.281 сек.
------------------------
------------------------
[14:21:17.203] Запрос: /assets/js/bootstrap.esm.js.map
Время выполнения: 0.027 сек.
------------------------
------------------------
[14:38:37.395] Запрос: /
Время выполнения: 0.293 сек.
------------------------
------------------------
[14:38:37.631] Запрос: /assets/js/bootstrap.esm.js.map
Время выполнения: 0.020 сек.
------------------------
------------------------
[14:44:43.554] Запрос: /
Время выполнения: 0.267 сек.
------------------------
------------------------
[14:44:43.823] Запрос: /assets/js/bootstrap.esm.js.map
Время выполнения: 0.017 сек.
------------------------
------------------------
[14:50:36.247] Запрос: /
Время выполнения: 0.272 сек.
------------------------
------------------------
[14:50:36.463] Запрос: /assets/js/bootstrap.esm.js.map
Время выполнения: 0.017 сек.
------------------------
------------------------
[14:51:39.518] Запрос: /
Время выполнения: 0.282 сек.
------------------------
------------------------
[14:51:39.758] Запрос: /assets/js/bootstrap.esm.js.map
Время выполнения: 0.018 сек.
------------------------
------------------------
[15:01:44.673] Запрос: /
Время выполнения: 0.266 сек.
------------------------
------------------------
[15:02:02.843] Запрос: /assets/js/bootstrap.esm.js.map
Время выполнения: 0.054 сек.
------------------------
------------------------
[15:05:38.215] Запрос: /
Время выполнения: 0.256 сек.
------------------------
------------------------
[15:05:38.485] Запрос: /assets/js/bootstrap.esm.js.map
Время выполнения: 0.018 сек.
------------------------
------------------------
[15:05:50.213] Запрос: /
Время выполнения: 0.240 сек.
------------------------
------------------------
[15:05:50.482] Запрос: /assets/js/bootstrap.esm.js.map
Время выполнения: 0.028 сек.
------------------------
------------------------
[15:12:27.785] Запрос: /
Время выполнения: 0.279 сек.
------------------------
------------------------
[15:12:28.041] Запрос: /assets/js/bootstrap.esm.js.map
Время выполнения: 0.018 сек.
------------------------
------------------------
[15:15:15.969] Запрос: /catalog/load?id=6
Время выполнения: 0.053 сек.
------------------------
------------------------
[17:25:16.860] Запрос: /
Время выполнения: 0.290 сек.
------------------------
------------------------
[17:25:27.933] Запрос: /catalog/auto-accessories
Время выполнения: 0.070 сек.
------------------------
------------------------
[17:26:02.926] Запрос: /assets/js/bootstrap.esm.js.map
Время выполнения: 0.051 сек.
------------------------
------------------------
[17:26:07.720] Запрос: /
Время выполнения: 0.234 сек.
------------------------
------------------------
[17:26:07.935] Запрос: /assets/js/bootstrap.esm.js.map
Время выполнения: 0.017 сек.
------------------------
------------------------
[17:26:16.840] Запрос: /
Время выполнения: 0.247 сек.
------------------------
------------------------
[17:26:22.822] Запрос: /catalog/auto
Время выполнения: 0.032 сек.
------------------------
------------------------
[20:52:04.350] Запрос: /catalog/auto
Время выполнения: 0.265 сек.
------------------------
------------------------
[20:52:35.064] Запрос: /catalog/auto
Время выполнения: 0.290 сек.
------------------------
------------------------
[20:52:39.415] Запрос: /catalog/auto
Время выполнения: 0.192 сек.
------------------------
------------------------
[20:54:59.895] Запрос: /catalog/auto
Время выполнения: 0.289 сек.
------------------------
------------------------
[21:12:37.297] Запрос: /catalog/auto
Время выполнения: 0.270 сек.
------------------------
------------------------
[21:12:47.594] Запрос: /catalog/home-appliances
Время выполнения: 0.286 сек.
------------------------
