------------------------
[09:49:12.779] Запрос: /catalog/computers
Время выполнения: 0.819 сек.
------------------------
------------------------
[09:49:14.571] Запрос: /catalog/home-appliances
Время выполнения: 0.262 сек.
------------------------
------------------------
[09:49:17.104] Запрос: /catalog/auto
Время выполнения: 0.106 сек.
------------------------
------------------------
[09:53:30.798] Запрос: /catalog/auto
Время выполнения: 0.293 сек.
------------------------
------------------------
[09:53:48.955] Запрос: /catalog/auto
Время выполнения: 0.284 сек.
------------------------
------------------------
[10:01:24.561] Запрос: /catalog/auto
Время выполнения: 0.279 сек.
------------------------
------------------------
[10:01:29.048] Запрос: /catalog/auto
Время выполнения: 0.215 сек.
------------------------
------------------------
[10:01:50.570] Запрос: /catalog/auto
Время выполнения: 0.279 сек.
------------------------
------------------------
[10:01:52.637] Запрос: /catalog/auto
Время выполнения: 0.098 сек.
------------------------
------------------------
[10:01:55.066] Запрос: /catalog/auto
Время выполнения: 0.158 сек.
------------------------
------------------------
[10:01:56.588] Запрос: /catalog/auto
Время выполнения: 0.096 сек.
------------------------
------------------------
[10:02:04.980] Запрос: /catalog/auto
Время выполнения: 0.261 сек.
------------------------
------------------------
[10:36:27.658] Запрос: /api/comments
Время выполнения: 0.068 сек.
------------------------
------------------------
[10:59:27.517] Запрос: /catalog/auto
Время выполнения: 0.279 сек.
------------------------
------------------------
[11:01:17.781] Запрос: /catalog/auto
Время выполнения: 0.273 сек.
------------------------
------------------------
[11:05:39.345] Запрос: /assets/js/bootstrap.esm.js.map
Время выполнения: 0.055 сек.
------------------------
------------------------
[11:07:25.404] Запрос: /catalog/auto
Время выполнения: 0.277 сек.
------------------------
------------------------
[11:07:25.666] Запрос: /assets/js/bootstrap.esm.js.map
Время выполнения: 0.020 сек.
------------------------
------------------------
[11:07:40.441] Запрос: /catalog/home-appliances
Время выполнения: 0.282 сек.
------------------------
------------------------
[11:07:40.634] Запрос: /assets/js/bootstrap.esm.js.map
Время выполнения: 0.019 сек.
------------------------
------------------------
[11:07:50.806] Запрос: /catalog/home-appliances
Время выполнения: 0.266 сек.
------------------------
------------------------
[11:07:50.972] Запрос: /assets/js/bootstrap.esm.js.map
Время выполнения: 0.027 сек.
------------------------
------------------------
[11:08:01.040] Запрос: /catalog/auto
Время выполнения: 0.159 сек.
------------------------
------------------------
[11:08:01.040] Запрос: /catalog/auto
Время выполнения: 0.199 сек.
------------------------
------------------------
[11:08:01.236] Запрос: /assets/js/bootstrap.esm.js.map
Время выполнения: 0.023 сек.
------------------------
------------------------
[11:45:45.600] Запрос: /
Время выполнения: 0.307 сек.
------------------------
------------------------
[11:45:45.902] Запрос: /assets/js/bootstrap.esm.js.map
Время выполнения: 0.019 сек.
------------------------
------------------------
[11:48:30.877] Запрос: /catalog/auto-accessories
Время выполнения: 0.282 сек.
------------------------
------------------------
[11:48:31.239] Запрос: /assets/js/bootstrap.esm.js.map
Время выполнения: 0.041 сек.
------------------------
------------------------
[12:08:36.032] Запрос: /
Время выполнения: 0.289 сек.
------------------------
------------------------
[12:08:53.627] Запрос: /catalog/auto-accessories
Время выполнения: 0.261 сек.
------------------------
------------------------
[12:09:20.334] Запрос: /catalog/monitors
Время выполнения: 0.170 сек.
------------------------
------------------------
[12:09:42.699] Запрос: /catalog/computers
Время выполнения: 0.279 сек.
------------------------
------------------------
[12:10:04.471] Запрос: /assets/js/bootstrap.esm.js.map
Время выполнения: 0.052 сек.
------------------------
------------------------
[12:10:10.594] Запрос: /catalog/microwaves
Время выполнения: 0.266 сек.
------------------------
------------------------
[12:10:10.846] Запрос: /assets/js/bootstrap.esm.js.map
Время выполнения: 0.019 сек.
------------------------
------------------------
[12:14:14.638] Запрос: /catalog/microwaves
Время выполнения: 0.289 сек.
------------------------
------------------------
[12:14:14.925] Запрос: /assets/js/bootstrap.esm.js.map
Время выполнения: 0.019 сек.
------------------------
------------------------
[12:15:03.518] Запрос: /catalog/microwaves
Время выполнения: 0.288 сек.
------------------------
------------------------
[12:15:03.810] Запрос: /assets/js/bootstrap.esm.js.map
Время выполнения: 0.020 сек.
------------------------
------------------------
[12:16:46.049] Запрос: /catalog/microwaves
Время выполнения: 0.290 сек.
------------------------
------------------------
[12:16:46.286] Запрос: /assets/js/bootstrap.esm.js.map
Время выполнения: 0.023 сек.
------------------------
------------------------
[13:40:54.135] Запрос: /catalog/microwaves
Время выполнения: 0.301 сек.
------------------------
------------------------
[13:40:54.362] Запрос: /assets/js/bootstrap.esm.js.map
Время выполнения: 0.019 сек.
------------------------
------------------------
[13:41:59.793] Запрос: /catalog/microwaves
Время выполнения: 0.296 сек.
------------------------
------------------------
[13:42:00.083] Запрос: /assets/js/bootstrap.esm.js.map
Время выполнения: 0.020 сек.
------------------------
------------------------
[14:04:08.828] Запрос: /catalog/auto-accessories
Время выполнения: 0.283 сек.
------------------------
------------------------
[14:04:39.190] Запрос: /catalog/auto-accessories
Время выполнения: 0.301 сек.
------------------------
------------------------
[14:04:49.484] Запрос: /assets/js/bootstrap.esm.js.map
Время выполнения: 0.027 сек.
------------------------
------------------------
[14:41:15.515] Запрос: /catalog/auto-accessories
Время выполнения: 0.294 сек.
------------------------
------------------------
[14:41:15.806] Запрос: /assets/js/bootstrap.esm.js.map
Время выполнения: 0.022 сек.
------------------------
------------------------
[14:42:03.399] Запрос: /catalog/auto-accessories
Время выполнения: 0.302 сек.
------------------------
------------------------
[14:42:03.688] Запрос: /assets/js/bootstrap.esm.js.map
Время выполнения: 0.018 сек.
------------------------
------------------------
[14:49:12.213] Запрос: /catalog/auto-accessories
Время выполнения: 0.299 сек.
------------------------
------------------------
[14:49:12.496] Запрос: /assets/js/bootstrap.esm.js.map
Время выполнения: 0.020 сек.
------------------------
------------------------
[14:50:59.185] Запрос: /catalog/auto-accessories
Время выполнения: 0.310 сек.
------------------------
------------------------
[14:50:59.462] Запрос: /assets/js/bootstrap.esm.js.map
Время выполнения: 0.016 сек.
------------------------
------------------------
[14:52:57.909] Запрос: /catalog/microwaves
Время выполнения: 0.288 сек.
------------------------
------------------------
[14:53:00.406] Запрос: /catalog/auto-accessories
Время выполнения: 0.297 сек.
------------------------
------------------------
[14:53:00.644] Запрос: /assets/js/bootstrap.esm.js.map
Время выполнения: 0.020 сек.
------------------------
------------------------
[14:56:03.710] Запрос: /catalog/microwaves
Время выполнения: 0.303 сек.
------------------------
------------------------
[14:56:09.950] Запрос: /catalog/microwaves
Время выполнения: 0.279 сек.
------------------------
------------------------
[14:56:14.215] Запрос: /catalog/auto-accessories
Время выполнения: 0.323 сек.
------------------------
------------------------
[14:56:14.536] Запрос: /assets/js/bootstrap.esm.js.map
Время выполнения: 0.043 сек.
------------------------
------------------------
[14:57:09.630] Запрос: /catalog/auto
Время выполнения: 0.274 сек.
------------------------
------------------------
[14:57:09.891] Запрос: /assets/js/bootstrap.esm.js.map
Время выполнения: 0.019 сек.
------------------------
------------------------
[14:58:08.394] Запрос: /catalog/auto
Время выполнения: 0.315 сек.
------------------------
------------------------
[14:58:08.754] Запрос: /assets/js/bootstrap.esm.js.map
Время выполнения: 0.023 сек.
------------------------
------------------------
[15:07:18.196] Запрос: /catalog/auto
Время выполнения: 0.297 сек.
------------------------
------------------------
[15:07:18.491] Запрос: /assets/js/bootstrap.esm.js.map
Время выполнения: 0.023 сек.
------------------------
------------------------
[15:09:48.360] Запрос: /catalog/auto
Время выполнения: 0.293 сек.
------------------------
------------------------
[15:09:48.628] Запрос: /assets/js/bootstrap.esm.js.map
Время выполнения: 0.020 сек.
------------------------
------------------------
[15:14:12.026] Запрос: /catalog/auto
Время выполнения: 0.305 сек.
------------------------
------------------------
[15:14:12.287] Запрос: /assets/js/bootstrap.esm.js.map
Время выполнения: 0.019 сек.
------------------------
------------------------
[15:25:47.988] Запрос: /catalog/auto
Время выполнения: 0.291 сек.
------------------------
------------------------
[15:25:48.443] Запрос: /assets/js/bootstrap.esm.js.map
Время выполнения: 0.047 сек.
------------------------
------------------------
[15:29:57.502] Запрос: /catalog/auto
Время выполнения: 0.299 сек.
------------------------
------------------------
[15:29:57.783] Запрос: /assets/js/bootstrap.esm.js.map
Время выполнения: 0.020 сек.
------------------------
------------------------
[15:30:13.433] Запрос: /catalog/auto
Время выполнения: 0.278 сек.
------------------------
------------------------
[15:30:13.771] Запрос: /assets/js/bootstrap.esm.js.map
Время выполнения: 0.024 сек.
------------------------
------------------------
[15:37:02.432] Запрос: /
Время выполнения: 0.270 сек.
------------------------
------------------------
[15:37:45.142] Запрос: /catalog/auto
Время выполнения: 0.269 сек.
------------------------
------------------------
[15:40:10.843] Запрос: /assets/js/bootstrap.esm.js.map
Время выполнения: 0.047 сек.
------------------------
------------------------
[16:13:34.271] Запрос: /catalog/computers
Время выполнения: 0.157 сек.
------------------------
------------------------
[16:13:34.271] Запрос: /catalog/microwaves
Время выполнения: 0.157 сек.
------------------------
------------------------
[16:13:34.648] Запрос: /assets/js/bootstrap.esm.js.map
Время выполнения: 0.021 сек.
------------------------
------------------------
[16:19:55.525] Запрос: /catalog/microwaves
Время выполнения: 0.174 сек.
------------------------
------------------------
[16:19:55.525] Запрос: /catalog/computers
Время выполнения: 0.175 сек.
------------------------
------------------------
[16:19:55.908] Запрос: /assets/js/bootstrap.esm.js.map
Время выполнения: 0.019 сек.
------------------------
------------------------
[16:20:22.027] Запрос: /catalog/microwaves
Время выполнения: 0.125 сек.
------------------------
------------------------
[16:20:22.027] Запрос: /catalog/computers
Время выполнения: 0.124 сек.
------------------------
------------------------
[16:20:22.351] Запрос: /assets/js/bootstrap.esm.js.map
Время выполнения: 0.022 сек.
------------------------
------------------------
[16:24:46.255] Запрос: /catalog/microwaves
Время выполнения: 0.214 сек.
------------------------
------------------------
[16:24:46.255] Запрос: /catalog/computers
Время выполнения: 0.213 сек.
------------------------
------------------------
[16:24:46.768] Запрос: /assets/js/bootstrap.esm.js.map
Время выполнения: 0.020 сек.
------------------------
------------------------
[16:27:02.912] Запрос: /catalog/computers
Время выполнения: 0.201 сек.
------------------------
------------------------
[16:27:02.912] Запрос: /catalog/microwaves
Время выполнения: 0.202 сек.
------------------------
------------------------
[16:27:03.286] Запрос: /assets/js/bootstrap.esm.js.map
Время выполнения: 0.018 сек.
------------------------
------------------------
[16:27:12.531] Запрос: /catalog/computers
Время выполнения: 0.182 сек.
------------------------
------------------------
[16:27:12.772] Запрос: /assets/js/bootstrap.esm.js.map
Время выполнения: 0.025 сек.
------------------------
------------------------
[17:00:51.877] Запрос: /catalog/microwaves
Время выполнения: 0.219 сек.
------------------------
------------------------
[17:00:51.877] Запрос: /catalog/computers
Время выполнения: 0.218 сек.
------------------------
------------------------
[17:00:52.320] Запрос: /assets/js/bootstrap.esm.js.map
Время выполнения: 0.019 сек.
------------------------
------------------------
[17:07:52.476] Запрос: /catalog/auto-accessories
Время выполнения: 0.182 сек.
------------------------
------------------------
[17:07:52.476] Запрос: /catalog/microwaves
Время выполнения: 0.184 сек.
------------------------
------------------------
[17:07:52.859] Запрос: /assets/js/bootstrap.esm.js.map
Время выполнения: 0.016 сек.
------------------------
------------------------
[17:11:54.675] Запрос: /catalog/auto-accessories
Время выполнения: 0.293 сек.
------------------------
------------------------
[17:11:54.927] Запрос: /assets/js/bootstrap.esm.js.map
Время выполнения: 0.024 сек.
------------------------
------------------------
[17:14:35.623] Запрос: /catalog/kitchen-appliances
Время выполнения: 0.292 сек.
------------------------
------------------------
[17:14:35.931] Запрос: /assets/js/bootstrap.esm.js.map
Время выполнения: 0.019 сек.
------------------------
------------------------
[17:29:30.214] Запрос: /catalog/cpu
Время выполнения: 0.325 сек.
------------------------
------------------------
[17:29:30.485] Запрос: /assets/js/bootstrap.esm.js.map
Время выполнения: 0.026 сек.
------------------------
------------------------
[17:30:56.820] Запрос: /catalog/cpu
Время выполнения: 0.283 сек.
------------------------
------------------------
[17:30:57.090] Запрос: /assets/js/bootstrap.esm.js.map
Время выполнения: 0.017 сек.
------------------------
------------------------
[17:33:56.315] Запрос: /catalog/cpu
Время выполнения: 0.194 сек.
------------------------
------------------------
[17:33:56.315] Запрос: /catalog/microwaves
Время выполнения: 0.196 сек.
------------------------
------------------------
[17:33:56.698] Запрос: /assets/js/bootstrap.esm.js.map
Время выполнения: 0.016 сек.
------------------------
------------------------
[17:34:01.429] Запрос: /catalog/cpu
Время выполнения: 0.172 сек.
------------------------
------------------------
[17:34:01.819] Запрос: /assets/js/bootstrap.esm.js.map
Время выполнения: 0.028 сек.
------------------------
------------------------
[17:34:03.953] Запрос: /api/categories?category=&page=1&sort=price_asc
Время выполнения: 0.025 сек.
------------------------
------------------------
[17:34:06.849] Запрос: /api/categories?category=&page=1&sort=price_desc
Время выполнения: 0.052 сек.
------------------------
------------------------
[17:40:56.243] Запрос: /catalog/microwaves
Время выполнения: 0.184 сек.
------------------------
------------------------
[17:40:56.243] Запрос: /catalog/cpu
Время выполнения: 0.185 сек.
------------------------
------------------------
[17:40:56.634] Запрос: /assets/js/bootstrap.esm.js.map
Время выполнения: 0.021 сек.
------------------------
------------------------
[17:41:04.700] Запрос: /api/categories?category=&page=1&sort=price_asc
Время выполнения: 0.031 сек.
------------------------
------------------------
[17:41:12.998] Запрос: /catalog/cpu
Время выполнения: 0.165 сек.
------------------------
------------------------
[17:41:13.259] Запрос: /assets/js/bootstrap.esm.js.map
Время выполнения: 0.023 сек.
------------------------
------------------------
[17:41:18.457] Запрос: /api/categories?category=&page=1&sort=price_desc
Время выполнения: 0.055 сек.
------------------------
------------------------
[17:42:03.218] Запрос: /catalog/cpu
Время выполнения: 0.097 сек.
------------------------
------------------------
[17:42:03.218] Запрос: /catalog/microwaves
Время выполнения: 0.097 сек.
------------------------
------------------------
[17:42:03.746] Запрос: /assets/js/bootstrap.esm.js.map
Время выполнения: 0.022 сек.
------------------------
------------------------
[17:43:21.036] Запрос: /catalog/cpu
Время выполнения: 0.213 сек.
------------------------
------------------------
[17:43:21.036] Запрос: /catalog/microwaves
Время выполнения: 0.212 сек.
------------------------
------------------------
[17:43:21.416] Запрос: /assets/js/bootstrap.esm.js.map
Время выполнения: 0.022 сек.
------------------------
------------------------
[17:45:46.225] Запрос: /catalog/cpu
Время выполнения: 0.285 сек.
------------------------
------------------------
[17:45:46.566] Запрос: /assets/js/bootstrap.esm.js.map
Время выполнения: 0.020 сек.
------------------------
------------------------
[17:47:06.135] Запрос: /catalog/cpu
Время выполнения: 0.302 сек.
------------------------
------------------------
[17:47:06.421] Запрос: /assets/js/bootstrap.esm.js.map
Время выполнения: 0.059 сек.
------------------------
------------------------
[17:48:08.343] Запрос: /catalog/cpu
Время выполнения: 0.303 сек.
------------------------
------------------------
[17:48:08.585] Запрос: /assets/js/bootstrap.esm.js.map
Время выполнения: 0.022 сек.
------------------------
------------------------
[17:48:52.458] Запрос: /catalog/cpu
Время выполнения: 0.313 сек.
------------------------
------------------------
[17:48:52.745] Запрос: /assets/js/bootstrap.esm.js.map
Время выполнения: 0.022 сек.
------------------------
------------------------
[17:49:10.635] Запрос: /catalog/cpu
Время выполнения: 0.297 сек.
------------------------
------------------------
[17:49:10.908] Запрос: /assets/js/bootstrap.esm.js.map
Время выполнения: 0.053 сек.
------------------------
------------------------
[17:49:31.259] Запрос: /catalog/cpu?sort=price_desc
Время выполнения: 0.170 сек.
------------------------
------------------------
[17:49:31.511] Запрос: /assets/js/bootstrap.esm.js.map
Время выполнения: 0.023 сек.
------------------------
------------------------
[17:50:41.437] Запрос: /catalog/cpu?sort=price_desc
Время выполнения: 0.197 сек.
------------------------
------------------------
[17:50:41.691] Запрос: /assets/js/bootstrap.esm.js.map
Время выполнения: 0.027 сек.
------------------------
------------------------
[17:51:47.527] Запрос: /catalog/cpu?sort=price_desc
Время выполнения: 0.288 сек.
------------------------
------------------------
[17:51:47.800] Запрос: /assets/js/bootstrap.esm.js.map
Время выполнения: 0.057 сек.
------------------------
------------------------
[17:53:18.103] Запрос: /catalog/cpu?sort=price_desc
Время выполнения: 0.322 сек.
------------------------
------------------------
[17:53:18.392] Запрос: /assets/js/bootstrap.esm.js.map
Время выполнения: 0.029 сек.
------------------------
------------------------
[17:54:19.224] Запрос: /catalog/cpu?sort=price_asc
Время выполнения: 0.312 сек.
------------------------
------------------------
[17:54:26.037] Запрос: /assets/js/bootstrap.esm.js.map
Время выполнения: 0.065 сек.
------------------------
------------------------
[17:59:21.729] Запрос: /catalog/cpu?sort=price_asc
Время выполнения: 0.179 сек.
------------------------
------------------------
[17:59:21.729] Запрос: /catalog/cpu?sort=price_asc
Время выполнения: 0.179 сек.
------------------------
------------------------
[17:59:21.729] Запрос: /catalog/microwaves
Время выполнения: 0.178 сек.
------------------------
------------------------
[17:59:22.282] Запрос: /assets/js/bootstrap.esm.js.map
Время выполнения: 0.036 сек.
------------------------
------------------------
[17:59:22.285] Запрос: /assets/js/bootstrap.esm.js.map
Время выполнения: 0.034 сек.
------------------------
------------------------
[17:59:25.682] Запрос: /catalog/cpu?sort=price_asc
Время выполнения: 0.293 сек.
------------------------
------------------------
[17:59:25.913] Запрос: /assets/js/bootstrap.esm.js.map
Время выполнения: 0.023 сек.
------------------------
------------------------
[18:03:55.728] Запрос: /catalog/cpu?sort=price_asc
Время выполнения: 0.280 сек.
------------------------
------------------------
[18:03:56.061] Запрос: /assets/js/bootstrap.esm.js.map
Время выполнения: 0.022 сек.
------------------------
------------------------
[18:05:27.911] Запрос: /assets/js/bootstrap.esm.js.map
Время выполнения: 0.034 сек.
------------------------
------------------------
[18:39:43.966] Запрос: /catalog/microwaves
Время выполнения: 0.196 сек.
------------------------
------------------------
[18:39:43.965] Запрос: /catalog/cpu?sort=view_asc
Время выполнения: 0.195 сек.
------------------------
------------------------
[18:39:43.966] Запрос: /catalog/cpu
Время выполнения: 0.197 сек.
------------------------
------------------------
[18:39:44.468] Запрос: /assets/js/bootstrap.esm.js.map
Время выполнения: 0.018 сек.
------------------------
------------------------
[19:16:58.887] Запрос: /catalog/cpu?sort=view_asc
Время выполнения: 0.303 сек.
------------------------
------------------------
[19:16:59.142] Запрос: /assets/js/bootstrap.esm.js.map
Время выполнения: 0.016 сек.
------------------------
------------------------
[19:18:07.026] Запрос: /catalog/cpu?sort=view_asc
Время выполнения: 0.297 сек.
------------------------
------------------------
[19:18:07.283] Запрос: /assets/js/bootstrap.esm.js.map
Время выполнения: 0.028 сек.
------------------------
------------------------
[19:19:18.023] Запрос: /catalog/cpu?sort=view_asc
Время выполнения: 0.300 сек.
------------------------
------------------------
[19:19:18.277] Запрос: /assets/js/bootstrap.esm.js.map
Время выполнения: 0.024 сек.
------------------------
------------------------
[19:20:46.405] Запрос: /catalog/microwaves
Время выполнения: 0.119 сек.
------------------------
------------------------
[19:20:46.405] Запрос: /catalog/cpu
Время выполнения: 0.121 сек.
------------------------
------------------------
[19:20:46.405] Запрос: /catalog/cpu?sort=view_asc
Время выполнения: 0.120 сек.
------------------------
------------------------
[19:20:46.958] Запрос: /assets/js/bootstrap.esm.js.map
Время выполнения: 0.074 сек.
------------------------
------------------------
[19:23:48.966] Запрос: /catalog/cpu?sort=view_asc
Время выполнения: 0.299 сек.
------------------------
------------------------
[19:23:49.222] Запрос: /assets/js/bootstrap.esm.js.map
Время выполнения: 0.015 сек.
------------------------
------------------------
[19:27:41.142] Запрос: /
Время выполнения: 0.274 сек.
------------------------
------------------------
[19:30:25.922] Запрос: /
Время выполнения: 0.148 сек.
------------------------
------------------------
[19:30:25.922] Запрос: /catalog/cpu?sort=view_asc
Время выполнения: 0.148 сек.
------------------------
------------------------
[19:30:25.922] Запрос: /catalog/microwaves
Время выполнения: 0.147 сек.
------------------------
------------------------
[19:30:25.923] Запрос: /catalog/cpu
Время выполнения: 0.150 сек.
------------------------
------------------------
[19:30:26.565] Запрос: /assets/js/bootstrap.esm.js.map
Время выполнения: 0.018 сек.
------------------------
------------------------
[19:31:44.690] Запрос: /catalog/cpu?sort=view_asc
Время выполнения: 0.297 сек.
------------------------
------------------------
[19:31:44.918] Запрос: /assets/js/bootstrap.esm.js.map
Время выполнения: 0.021 сек.
------------------------
------------------------
[19:33:44.035] Запрос: /
Время выполнения: 0.137 сек.
------------------------
------------------------
[19:33:44.036] Запрос: /catalog/cpu?sort=view_asc
Время выполнения: 0.135 сек.
------------------------
------------------------
[19:33:44.036] Запрос: /catalog/microwaves
Время выполнения: 0.137 сек.
------------------------
------------------------
[19:33:44.036] Запрос: /catalog/cpu
Время выполнения: 0.138 сек.
------------------------
------------------------
[19:33:44.692] Запрос: /assets/js/bootstrap.esm.js.map
Время выполнения: 0.016 сек.
------------------------
------------------------
[19:34:18.124] Запрос: /catalog/cpu?sort=view_asc
Время выполнения: 0.305 сек.
------------------------
------------------------
[19:34:18.387] Запрос: /assets/js/bootstrap.esm.js.map
Время выполнения: 0.022 сек.
------------------------
------------------------
[19:35:46.123] Запрос: /catalog/cpu
Время выполнения: 0.130 сек.
------------------------
------------------------
[19:35:46.123] Запрос: /
Время выполнения: 0.126 сек.
------------------------
------------------------
[19:35:46.123] Запрос: /catalog/cpu?sort=view_asc
Время выполнения: 0.130 сек.
------------------------
------------------------
[19:35:46.124] Запрос: /catalog/microwaves
Время выполнения: 0.127 сек.
------------------------
------------------------
[19:35:46.770] Запрос: /assets/js/bootstrap.esm.js.map
Время выполнения: 0.021 сек.
------------------------
------------------------
[19:35:49.144] Запрос: /catalog/cpu?sort=view_asc
Время выполнения: 0.302 сек.
------------------------
------------------------
[19:35:49.371] Запрос: /assets/js/bootstrap.esm.js.map
Время выполнения: 0.020 сек.
------------------------
------------------------
[19:39:59.132] Запрос: /
Время выполнения: 0.171 сек.
------------------------
------------------------
[19:39:59.132] Запрос: /catalog/cpu?sort=view_asc
Время выполнения: 0.171 сек.
------------------------
------------------------
[19:39:59.132] Запрос: /catalog/cpu
Время выполнения: 0.170 сек.
------------------------
------------------------
[19:39:59.132] Запрос: /catalog/microwaves
Время выполнения: 0.171 сек.
------------------------
------------------------
[19:39:59.819] Запрос: /assets/js/bootstrap.esm.js.map
Время выполнения: 0.028 сек.
------------------------
------------------------
[19:40:18.669] Запрос: /catalog/cpu?sort=view_asc
Время выполнения: 0.192 сек.
------------------------
------------------------
[19:40:18.953] Запрос: /assets/js/bootstrap.esm.js.map
Время выполнения: 0.025 сек.
------------------------
------------------------
[19:41:47.968] Запрос: /catalog/cpu?sort=view_asc
Время выполнения: 0.182 сек.
------------------------
------------------------
[19:41:48.198] Запрос: /assets/js/bootstrap.esm.js.map
Время выполнения: 0.019 сек.
------------------------
------------------------
[19:42:58.159] Запрос: /catalog/microwaves
Время выполнения: 0.164 сек.
------------------------
------------------------
[19:42:58.159] Запрос: /
Время выполнения: 0.163 сек.
------------------------
------------------------
[19:42:58.159] Запрос: /catalog/cpu?sort=view_asc
Время выполнения: 0.164 сек.
------------------------
------------------------
[19:42:58.159] Запрос: /catalog/cpu
Время выполнения: 0.164 сек.
------------------------
------------------------
[19:42:58.911] Запрос: /assets/js/bootstrap.esm.js.map
Время выполнения: 0.062 сек.
------------------------
------------------------
[19:43:43.108] Запрос: /
Время выполнения: 0.284 сек.
------------------------
------------------------
[19:44:21.027] Запрос: /assets/js/bootstrap.esm.js.map
Время выполнения: 0.056 сек.
------------------------
------------------------
[19:53:28.254] Запрос: /
Время выполнения: 0.200 сек.
------------------------
------------------------
[19:53:28.254] Запрос: /catalog/microwaves
Время выполнения: 0.201 сек.
------------------------
------------------------
[19:53:28.733] Запрос: /assets/js/bootstrap.esm.js.map
Время выполнения: 0.025 сек.
------------------------
------------------------
[19:54:34.299] Запрос: /
Время выполнения: 0.202 сек.
------------------------
------------------------
[19:54:34.299] Запрос: /catalog/microwaves
Время выполнения: 0.204 сек.
------------------------
------------------------
[19:54:34.684] Запрос: /assets/js/bootstrap.esm.js.map
Время выполнения: 0.039 сек.
------------------------
------------------------
[20:00:14.674] Запрос: /
Время выполнения: 0.204 сек.
------------------------
------------------------
[20:00:14.674] Запрос: /catalog/microwaves
Время выполнения: 0.203 сек.
------------------------
------------------------
[20:00:15.047] Запрос: /assets/js/bootstrap.esm.js.map
Время выполнения: 0.024 сек.
------------------------
------------------------
[20:00:19.505] Запрос: /
Время выполнения: 0.269 сек.
------------------------
------------------------
[20:00:19.755] Запрос: /assets/js/bootstrap.esm.js.map
Время выполнения: 0.030 сек.
------------------------
------------------------
[21:10:37.999] Запрос: /
Время выполнения: 0.184 сек.
------------------------
------------------------
[21:10:37.999] Запрос: /catalog/microwaves
Время выполнения: 0.186 сек.
------------------------
------------------------
[21:10:38.385] Запрос: /assets/js/bootstrap.esm.js.map
Время выполнения: 0.030 сек.
------------------------
------------------------
[21:10:56.458] Запрос: /
Время выполнения: 0.284 сек.
------------------------
------------------------
[21:10:56.708] Запрос: /assets/js/bootstrap.esm.js.map
Время выполнения: 0.019 сек.
------------------------
------------------------
[21:30:25.131] Запрос: /
Время выполнения: 0.198 сек.
------------------------
------------------------
[21:30:25.131] Запрос: /catalog/microwaves
Время выполнения: 0.199 сек.
------------------------
------------------------
[21:30:25.620] Запрос: /assets/js/bootstrap.esm.js.map
Время выполнения: 0.026 сек.
------------------------
------------------------
[21:30:28.927] Запрос: /
Время выполнения: 0.275 сек.
------------------------
------------------------
[21:30:29.268] Запрос: /assets/js/bootstrap.esm.js.map
Время выполнения: 0.027 сек.
------------------------
------------------------
[21:31:48.344] Запрос: /catalog/microwaves
Время выполнения: 0.218 сек.
------------------------
------------------------
[21:31:48.344] Запрос: /
Время выполнения: 0.217 сек.
------------------------
------------------------
[21:31:48.873] Запрос: /assets/js/bootstrap.esm.js.map
Время выполнения: 0.050 сек.
------------------------
------------------------
[21:32:05.485] Запрос: /
Время выполнения: 0.187 сек.
------------------------
------------------------
[21:32:05.745] Запрос: /assets/js/bootstrap.esm.js.map
Время выполнения: 0.020 сек.
------------------------
------------------------
[21:33:07.752] Запрос: /
Время выполнения: 0.174 сек.
------------------------
------------------------
[21:33:07.986] Запрос: /assets/js/bootstrap.esm.js.map
Время выполнения: 0.018 сек.
------------------------
------------------------
[21:34:11.329] Запрос: /
Время выполнения: 0.222 сек.
------------------------
------------------------
[21:34:11.329] Запрос: /catalog/microwaves
Время выполнения: 0.223 сек.
------------------------
------------------------
[21:34:11.747] Запрос: /assets/js/bootstrap.esm.js.map
Время выполнения: 0.020 сек.
------------------------
------------------------
[21:34:30.405] Запрос: /
Время выполнения: 0.181 сек.
------------------------
------------------------
[21:34:30.666] Запрос: /assets/js/bootstrap.esm.js.map
Время выполнения: 0.021 сек.
------------------------
------------------------
[21:43:20.118] Запрос: /
Время выполнения: 0.277 сек.
------------------------
------------------------
[21:43:20.383] Запрос: /assets/js/bootstrap.esm.js.map
Время выполнения: 0.017 сек.
------------------------
------------------------
[21:47:44.552] Запрос: /
Время выполнения: 0.287 сек.
------------------------
------------------------
[21:47:44.844] Запрос: /assets/js/bootstrap.esm.js.map
Время выполнения: 0.018 сек.
------------------------
------------------------
[21:48:01.654] Запрос: /
Время выполнения: 0.259 сек.
------------------------
------------------------
[21:48:01.931] Запрос: /assets/js/bootstrap.esm.js.map
Время выполнения: 0.020 сек.
------------------------
------------------------
[21:48:19.823] Запрос: /
Время выполнения: 0.275 сек.
------------------------
------------------------
[21:48:20.095] Запрос: /assets/js/bootstrap.esm.js.map
Время выполнения: 0.019 сек.
------------------------
------------------------
[21:48:54.662] Запрос: /
Время выполнения: 0.291 сек.
------------------------
------------------------
[21:48:54.999] Запрос: /assets/js/bootstrap.esm.js.map
Время выполнения: 0.070 сек.
------------------------
------------------------
[21:49:21.489] Запрос: /
Время выполнения: 0.282 сек.
------------------------
------------------------
[21:49:21.778] Запрос: /assets/js/bootstrap.esm.js.map
Время выполнения: 0.021 сек.
------------------------
------------------------
[21:49:54.957] Запрос: /
Время выполнения: 0.176 сек.
------------------------
------------------------
[21:49:55.282] Запрос: /assets/js/bootstrap.esm.js.map
Время выполнения: 0.019 сек.
------------------------
------------------------
[21:50:20.788] Запрос: /
Время выполнения: 0.251 сек.
------------------------
------------------------
[21:50:21.059] Запрос: /assets/js/bootstrap.esm.js.map
Время выполнения: 0.016 сек.
------------------------
------------------------
[21:52:06.719] Запрос: /catalog/microwaves
Время выполнения: 0.225 сек.
------------------------
------------------------
[21:52:06.719] Запрос: /
Время выполнения: 0.224 сек.
------------------------
------------------------
[21:52:07.195] Запрос: /assets/js/bootstrap.esm.js.map
Время выполнения: 0.021 сек.
------------------------
------------------------
[21:52:11.347] Запрос: /
Время выполнения: 0.184 сек.
------------------------
------------------------
[21:52:11.626] Запрос: /assets/js/bootstrap.esm.js.map
Время выполнения: 0.019 сек.
------------------------
------------------------
[21:58:57.080] Запрос: /
Время выполнения: 0.285 сек.
------------------------
------------------------
[21:58:57.351] Запрос: /assets/js/bootstrap.esm.js.map
Время выполнения: 0.018 сек.
------------------------
------------------------
[22:00:24.747] Запрос: /catalog/microwaves
Время выполнения: 0.254 сек.
------------------------
------------------------
[22:00:24.747] Запрос: /
Время выполнения: 0.255 сек.
------------------------
------------------------
[22:00:25.216] Запрос: /assets/js/bootstrap.esm.js.map
Время выполнения: 0.033 сек.
------------------------
------------------------
[22:03:38.217] Запрос: /
Время выполнения: 0.269 сек.
------------------------
------------------------
[22:03:38.497] Запрос: /assets/js/bootstrap.esm.js.map
Время выполнения: 0.018 сек.
------------------------
------------------------
[22:18:48.568] Запрос: /catalog/microwaves
Время выполнения: 0.214 сек.
------------------------
------------------------
[22:18:48.568] Запрос: /
Время выполнения: 0.213 сек.
------------------------
------------------------
[22:18:49.096] Запрос: /assets/js/bootstrap.esm.js.map
Время выполнения: 0.023 сек.
------------------------
------------------------
[22:53:29.750] Запрос: /
Время выполнения: 0.292 сек.
------------------------
------------------------
[22:53:30.042] Запрос: /assets/js/bootstrap.esm.js.map
Время выполнения: 0.019 сек.
------------------------
------------------------
[22:55:52.464] Запрос: /catalog/microwaves
Время выполнения: 0.322 сек.
------------------------
------------------------
[22:56:04.314] Запрос: /assets/js/bootstrap.esm.js.map
Время выполнения: 0.049 сек.
------------------------
------------------------
[23:00:22.164] Запрос: /catalog/microwaves
Время выполнения: 0.303 сек.
------------------------
------------------------
[23:00:22.529] Запрос: /assets/js/bootstrap.esm.js.map
Время выполнения: 0.021 сек.
------------------------
------------------------
[23:02:51.922] Запрос: /catalog/microwaves
Время выполнения: 0.294 сек.
------------------------
------------------------
[23:02:52.203] Запрос: /assets/js/bootstrap.esm.js.map
Время выполнения: 0.024 сек.
------------------------
