------------------------
[13:24:01.527] Запрос: /
Время выполнения: 0.518 сек.
------------------------
------------------------
[15:31:07.138] Запрос: /catalog/fridges
Время выполнения: 0.340 сек.
------------------------
------------------------
[15:31:37.883] Запрос: /catalog/fridges
Время выполнения: 2.505 сек.
------------------------
------------------------
[15:32:26.043] Запрос: /catalog/fridges
Время выполнения: 0.648 сек.
------------------------
------------------------
[15:35:48.105] Запрос: /assets/js/bootstrap.esm.js.map
Время выполнения: 0.051 сек.
------------------------
------------------------
[15:40:21.195] Запрос: /catalog/fridges
Время выполнения: 0.326 сек.
------------------------
------------------------
[15:40:21.423] Запрос: /assets/js/bootstrap.esm.js.map
Время выполнения: 0.025 сек.
------------------------
------------------------
[15:50:41.567] Запрос: /product/intel-core-i9-14900k?color=112&cart_quantity=1
Время выполнения: 0.325 сек.
------------------------
------------------------
[15:50:45.349] Запрос: /catalog/cpu?sort=name_asc
Время выполнения: 0.300 сек.
------------------------
------------------------
[15:50:52.675] Запрос: /catalog/fridges
Время выполнения: 0.294 сек.
------------------------
------------------------
[15:50:52.906] Запрос: /assets/js/bootstrap.esm.js.map
Время выполнения: 0.020 сек.
------------------------
------------------------
[15:52:23.540] Запрос: /catalog/fridges
Время выполнения: 0.328 сек.
------------------------
------------------------
[15:52:23.777] Запрос: /assets/js/bootstrap.esm.js.map
Время выполнения: 0.016 сек.
------------------------
------------------------
[16:03:11.324] Запрос: /catalog/fridges
Время выполнения: 0.299 сек.
------------------------
------------------------
[16:03:11.557] Запрос: /assets/js/bootstrap.esm.js.map
Время выполнения: 0.022 сек.
------------------------
------------------------
[16:03:22.566] Запрос: /catalog/fridges
Время выполнения: 0.152 сек.
------------------------
------------------------
[16:03:22.566] Запрос: /product/intel-core-i9-14900k?color=112&cart_quantity=1
Время выполнения: 0.150 сек.
------------------------
------------------------
[16:03:22.566] Запрос: /catalog/cpu?sort=name_asc
Время выполнения: 0.152 сек.
------------------------
------------------------
[16:03:23.010] Запрос: /assets/js/bootstrap.esm.js.map
Время выполнения: 0.030 сек.
------------------------
------------------------
[16:03:33.915] Запрос: /
Время выполнения: 0.171 сек.
------------------------
------------------------
[16:03:57.658] Запрос: /catalog/fridges
Время выполнения: 0.286 сек.
------------------------
------------------------
[16:03:57.893] Запрос: /assets/js/bootstrap.esm.js.map
Время выполнения: 0.024 сек.
------------------------
------------------------
[16:08:31.052] Запрос: /assets/js/bootstrap.esm.js.map
Время выполнения: 0.057 сек.
------------------------
------------------------
[16:08:42.449] Запрос: /catalog/fridges
Время выполнения: 0.305 сек.
------------------------
------------------------
[16:08:42.734] Запрос: /assets/js/bootstrap.esm.js.map
Время выполнения: 0.019 сек.
------------------------
------------------------
[16:27:11.480] Запрос: /product/intel-core-i9-14900k?color=112&cart_quantity=1
Время выполнения: 0.163 сек.
------------------------
------------------------
[16:27:11.480] Запрос: /catalog/cpu?sort=name_asc
Время выполнения: 0.161 сек.
------------------------
------------------------
[16:27:11.480] Запрос: /catalog/fridges
Время выполнения: 0.164 сек.
------------------------
------------------------
[16:27:11.496] Запрос: /
Время выполнения: 0.177 сек.
------------------------
------------------------
[16:27:12.072] Запрос: /assets/js/bootstrap.esm.js.map
Время выполнения: 0.023 сек.
------------------------
------------------------
[16:27:17.196] Запрос: /catalog/fridges
Время выполнения: 0.243 сек.
------------------------
------------------------
[16:27:17.429] Запрос: /assets/js/bootstrap.esm.js.map
Время выполнения: 0.020 сек.
------------------------
------------------------
[16:29:32.504] Запрос: /catalog/cpu?sort=name_asc
Время выполнения: 0.285 сек.
------------------------
------------------------
[16:29:52.598] Запрос: /assets/js/bootstrap.esm.js.map
Время выполнения: 0.071 сек.
------------------------
------------------------
[16:38:09.789] Запрос: /assets/js/bootstrap.esm.js.map
Время выполнения: 0.061 сек.
------------------------
------------------------
[16:39:20.431] Запрос: /catalog/fridges
Время выполнения: 0.332 сек.
------------------------
------------------------
[16:39:20.728] Запрос: /assets/js/bootstrap.esm.js.map
Время выполнения: 0.019 сек.
------------------------
------------------------
[16:41:52.212] Запрос: /product/intel-core-i9-14900k?color=112&cart_quantity=1
Время выполнения: 0.223 сек.
------------------------
------------------------
[16:41:52.212] Запрос: /
Время выполнения: 0.223 сек.
------------------------
------------------------
[16:41:52.212] Запрос: /catalog/cpu?sort=name_asc
Время выполнения: 0.224 сек.
------------------------
------------------------
[16:41:52.212] Запрос: /catalog/fridges
Время выполнения: 0.225 сек.
------------------------
------------------------
[16:41:52.848] Запрос: /assets/js/bootstrap.esm.js.map
Время выполнения: 0.021 сек.
------------------------
------------------------
[16:44:07.490] Запрос: /catalog/fridges
Время выполнения: 0.314 сек.
------------------------
------------------------
[16:44:07.715] Запрос: /assets/js/bootstrap.esm.js.map
Время выполнения: 0.015 сек.
------------------------
------------------------
[16:56:19.189] Запрос: /catalog/fridges
Время выполнения: 0.354 сек.
------------------------
------------------------
[16:56:19.452] Запрос: /assets/js/bootstrap.esm.js.map
Время выполнения: 0.014 сек.
------------------------
------------------------
[17:13:59.641] Запрос: /product/intel-core-i9-14900k?color=112&cart_quantity=1
Время выполнения: 0.184 сек.
------------------------
------------------------
[17:13:59.641] Запрос: /catalog/fridges
Время выполнения: 0.184 сек.
------------------------
------------------------
[17:13:59.641] Запрос: /catalog/cpu?sort=name_asc
Время выполнения: 0.183 сек.
------------------------
------------------------
[17:13:59.644] Запрос: /
Время выполнения: 0.186 сек.
------------------------
------------------------
[17:14:00.294] Запрос: /assets/js/bootstrap.esm.js.map
Время выполнения: 0.019 сек.
------------------------
------------------------
[17:15:07.414] Запрос: /catalog/cpu?sort=name_asc
Время выполнения: 0.143 сек.
------------------------
------------------------
[17:15:07.414] Запрос: /catalog/fridges
Время выполнения: 0.143 сек.
------------------------
------------------------
[17:15:07.414] Запрос: /product/intel-core-i9-14900k?color=112&cart_quantity=1
Время выполнения: 0.143 сек.
------------------------
------------------------
[17:15:07.415] Запрос: /
Время выполнения: 0.145 сек.
------------------------
------------------------
[17:15:08.059] Запрос: /assets/js/bootstrap.esm.js.map
Время выполнения: 0.017 сек.
------------------------
------------------------
[17:15:15.328] Запрос: /catalog/cpu?sort=name_asc
Время выполнения: 0.194 сек.
------------------------
------------------------
[17:20:39.912] Запрос: /catalog/fridges
Время выполнения: 0.318 сек.
------------------------
------------------------
[17:20:40.168] Запрос: /assets/js/bootstrap.esm.js.map
Время выполнения: 0.020 сек.
------------------------
------------------------
[17:22:43.124] Запрос: /product/intel-core-i9-14900k?color=112&cart_quantity=1
Время выполнения: 0.174 сек.
------------------------
------------------------
[17:22:43.124] Запрос: /catalog/cpu?sort=name_asc
Время выполнения: 0.176 сек.
------------------------
------------------------
[17:22:43.124] Запрос: /
Время выполнения: 0.176 сек.
------------------------
------------------------
[17:22:43.124] Запрос: /catalog/fridges
Время выполнения: 0.176 сек.
------------------------
------------------------
[17:22:43.837] Запрос: /assets/js/bootstrap.esm.js.map
Время выполнения: 0.035 сек.
------------------------
------------------------
[17:22:48.271] Запрос: /catalog/fridges
Время выполнения: 0.311 сек.
------------------------
------------------------
[17:22:48.498] Запрос: /assets/js/bootstrap.esm.js.map
Время выполнения: 0.018 сек.
------------------------
------------------------
[17:24:13.601] Запрос: /product/intel-core-i9-14900k?color=112&cart_quantity=1
Время выполнения: 0.099 сек.
------------------------
------------------------
[17:24:13.601] Запрос: /catalog/fridges
Время выполнения: 0.099 сек.
------------------------
------------------------
[17:24:13.601] Запрос: /catalog/cpu?sort=name_asc
Время выполнения: 0.100 сек.
------------------------
------------------------
[17:24:13.604] Запрос: /
Время выполнения: 0.102 сек.
------------------------
------------------------
[17:24:14.273] Запрос: /assets/js/bootstrap.esm.js.map
Время выполнения: 0.027 сек.
------------------------
------------------------
[17:25:38.163] Запрос: /catalog/fridges
Время выполнения: 0.308 сек.
------------------------
------------------------
[17:25:38.407] Запрос: /assets/js/bootstrap.esm.js.map
Время выполнения: 0.018 сек.
------------------------
------------------------
[17:26:26.411] Запрос: /catalog/fridges
Время выполнения: 0.319 сек.
------------------------
------------------------
[17:26:26.713] Запрос: /assets/js/bootstrap.esm.js.map
Время выполнения: 0.022 сек.
------------------------
