------------------------
[19:32:51.340] Запрос: /
Время выполнения: 0.267 сек.
------------------------
------------------------
[19:33:18.371] Запрос: /
Время выполнения: 2.700 сек.
------------------------
------------------------
[19:34:06.331] Запрос: /
Время выполнения: 0.279 сек.
------------------------
------------------------
[19:43:32.973] Запрос: /
Время выполнения: 0.259 сек.
------------------------
------------------------
[19:46:20.209] Запрос: /
Время выполнения: 0.266 сек.
------------------------
------------------------
[20:52:24.159] Запрос: /
Время выполнения: 0.256 сек.
------------------------
------------------------
[20:53:40.341] Запрос: /
Время выполнения: 0.266 сек.
------------------------
------------------------
[20:54:27.466] Запрос: /
Время выполнения: 0.241 сек.
------------------------
------------------------
[20:54:53.312] Запрос: /
Время выполнения: 0.576 сек.
------------------------
------------------------
[21:05:55.048] Запрос: /
Время выполнения: 0.250 сек.
------------------------
------------------------
[21:09:18.152] Запрос: /
Время выполнения: 0.245 сек.
------------------------
------------------------
[21:09:53.976] Запрос: /
Время выполнения: 0.257 сек.
------------------------
------------------------
[21:12:40.903] Запрос: /
Время выполнения: 0.240 сек.
------------------------
------------------------
[21:13:07.167] Запрос: /
Время выполнения: 0.248 сек.
------------------------
------------------------
[21:13:21.496] Запрос: /
Время выполнения: 0.284 сек.
------------------------
------------------------
[21:14:02.805] Запрос: /
Время выполнения: 0.257 сек.
------------------------
------------------------
[21:14:20.576] Запрос: /cart
Время выполнения: 0.045 сек.
------------------------
------------------------
[21:25:31.206] Запрос: /
Время выполнения: 0.245 сек.
------------------------
------------------------
[21:28:58.706] Запрос: /
Время выполнения: 0.246 сек.
------------------------
------------------------
[22:15:57.222] Запрос: /
Время выполнения: 0.239 сек.
------------------------
------------------------
[22:15:57.441] Запрос: /assets/js/bootstrap.esm.js.map
Время выполнения: 0.017 сек.
------------------------
------------------------
[22:16:15.623] Запрос: /
Время выполнения: 0.251 сек.
------------------------
------------------------
[22:16:15.884] Запрос: /assets/js/bootstrap.esm.js.map
Время выполнения: 0.021 сек.
------------------------
------------------------
[22:17:56.775] Запрос: /
Время выполнения: 0.263 сек.
------------------------
------------------------
[22:17:57.059] Запрос: /assets/js/bootstrap.esm.js.map
Время выполнения: 0.039 сек.
------------------------
------------------------
[22:19:37.603] Запрос: /
Время выполнения: 0.248 сек.
------------------------
------------------------
[22:19:37.813] Запрос: /assets/js/bootstrap.esm.js.map
Время выполнения: 0.018 сек.
------------------------
------------------------
[22:21:54.133] Запрос: /
Время выполнения: 0.236 сек.
------------------------
------------------------
[22:21:54.347] Запрос: /assets/js/bootstrap.esm.js.map
Время выполнения: 0.026 сек.
------------------------
------------------------
[22:23:04.713] Запрос: /
Время выполнения: 0.245 сек.
------------------------
------------------------
[22:23:04.942] Запрос: /assets/js/bootstrap.esm.js.map
Время выполнения: 0.022 сек.
------------------------
------------------------
[22:25:41.503] Запрос: /
Время выполнения: 0.242 сек.
------------------------
------------------------
[22:25:41.747] Запрос: /assets/js/bootstrap.esm.js.map
Время выполнения: 0.016 сек.
------------------------
