------------------------
[15:06:05.766] Запрос: /
Время выполнения: 1.054 сек.
------------------------
------------------------
[15:06:24.553] Запрос: /catalog/fridges
Время выполнения: 0.216 сек.
------------------------
------------------------
[15:07:01.524] Запрос: /assets/js/bootstrap.esm.js.map
Время выполнения: 0.059 сек.
------------------------
------------------------
[15:48:44.491] Запрос: /catalog/cpu?sort=name_asc
Время выполнения: 0.172 сек.
------------------------
------------------------
[15:48:44.491] Запрос: /
Время выполнения: 0.172 сек.
------------------------
------------------------
[15:48:44.491] Запрос: /catalog/fridges
Время выполнения: 0.169 сек.
------------------------
------------------------
[15:48:44.492] Запрос: /product/intel-core-i9-14900k?color=112&cart_quantity=1
Время выполнения: 0.173 сек.
------------------------
------------------------
[15:48:44.656] Запрос: /catalog/fridges
Время выполнения: 0.140 сек.
------------------------
------------------------
[15:48:45.448] Запрос: /assets/js/bootstrap.esm.js.map
Время выполнения: 0.095 сек.
------------------------
------------------------
[15:50:03.947] Запрос: /catalog/fridges
Время выполнения: 0.110 сек.
------------------------
------------------------
[15:50:03.947] Запрос: /product/intel-core-i9-14900k?color=112&cart_quantity=1
Время выполнения: 0.113 сек.
------------------------
------------------------
[15:50:03.947] Запрос: /catalog/fridges
Время выполнения: 0.113 сек.
------------------------
------------------------
[15:50:03.947] Запрос: /
Время выполнения: 0.110 сек.
------------------------
------------------------
[15:50:03.948] Запрос: /catalog/cpu?sort=name_asc
Время выполнения: 0.113 сек.
------------------------
------------------------
[15:50:04.698] Запрос: /assets/js/bootstrap.esm.js.map
Время выполнения: 0.015 сек.
------------------------
------------------------
[15:50:32.285] Запрос: /catalog/fridges
Время выполнения: 0.103 сек.
------------------------
------------------------
[15:50:32.285] Запрос: /product/intel-core-i9-14900k?color=112&cart_quantity=1
Время выполнения: 0.103 сек.
------------------------
------------------------
[15:50:32.285] Запрос: /
Время выполнения: 0.103 сек.
------------------------
------------------------
[15:50:32.285] Запрос: /catalog/fridges
Время выполнения: 0.103 сек.
------------------------
------------------------
[15:50:32.285] Запрос: /catalog/cpu?sort=name_asc
Время выполнения: 0.104 сек.
------------------------
------------------------
[15:50:33.021] Запрос: /assets/js/bootstrap.esm.js.map
Время выполнения: 0.020 сек.
------------------------
------------------------
[15:51:49.875] Запрос: /catalog/cpu?sort=name_asc
Время выполнения: 0.168 сек.
------------------------
------------------------
[15:51:49.875] Запрос: /catalog/fridges
Время выполнения: 0.166 сек.
------------------------
------------------------
[15:51:49.875] Запрос: /product/intel-core-i9-14900k?color=112&cart_quantity=1
Время выполнения: 0.168 сек.
------------------------
------------------------
[15:51:49.878] Запрос: /catalog/fridges
Время выполнения: 0.170 сек.
------------------------
------------------------
[15:51:49.879] Запрос: /
Время выполнения: 0.170 сек.
------------------------
------------------------
[15:51:50.618] Запрос: /assets/js/bootstrap.esm.js.map
Время выполнения: 0.017 сек.
------------------------
------------------------
[15:52:49.799] Запрос: /catalog/fridges?filter%5Bprice%5D%5Bmin%5D=729.00&filter%5Bprice%5D%5Bmax%5D=1299.50
Время выполнения: 0.237 сек.
------------------------
------------------------
[15:52:50.051] Запрос: /assets/js/bootstrap.esm.js.map
Время выполнения: 0.019 сек.
------------------------
------------------------
[16:22:14.989] Запрос: /catalog/fridges?filter%5Bprice%5D%5Bmin%5D=890.00&filter%5Bprice%5D%5Bmax%5D=1246.00
Время выполнения: 0.170 сек.
------------------------
------------------------
[16:22:14.989] Запрос: /product/intel-core-i9-14900k?color=112&cart_quantity=1
Время выполнения: 0.169 сек.
------------------------
------------------------
[16:22:14.989] Запрос: /catalog/cpu?sort=name_asc
Время выполнения: 0.170 сек.
------------------------
------------------------
[16:22:14.989] Запрос: /
Время выполнения: 0.170 сек.
------------------------
------------------------
[16:22:14.998] Запрос: /catalog/fridges
Время выполнения: 0.175 сек.
------------------------
------------------------
[16:22:17.796] Запрос: /assets/js/bootstrap.esm.js.map
Время выполнения: 0.028 сек.
------------------------
------------------------
[16:22:56.948] Запрос: /catalog/fridges?filter%5Bprice%5D%5Bmin%5D=827.00&filter%5Bprice%5D%5Bmax%5D=1299.50
Время выполнения: 0.198 сек.
------------------------
------------------------
[16:22:57.255] Запрос: /assets/js/bootstrap.esm.js.map
Время выполнения: 0.018 сек.
------------------------
------------------------
[16:23:10.530] Запрос: /catalog/fridges
Время выполнения: 0.208 сек.
------------------------
------------------------
[16:23:10.813] Запрос: /assets/js/bootstrap.esm.js.map
Время выполнения: 0.017 сек.
------------------------
------------------------
[16:26:25.732] Запрос: /catalog/fridges?filter%5Bprice%5D%5Bmin%5D=837.00&filter%5Bprice%5D%5Bmax%5D=1299.50
Время выполнения: 0.766 сек.
------------------------
------------------------
[16:26:26.034] Запрос: /assets/js/bootstrap.esm.js.map
Время выполнения: 0.019 сек.
------------------------
------------------------
[16:27:15.911] Запрос: /catalog/fridges?filter%5Bprice%5D%5Bmin%5D=818.00&filter%5Bprice%5D%5Bmax%5D=1125.00
Время выполнения: 5.453 сек.
------------------------
------------------------
[16:27:16.249] Запрос: /assets/js/bootstrap.esm.js.map
Время выполнения: 0.044 сек.
------------------------
------------------------
[16:27:18.570] Запрос: /api/products/[object%20Object]
Время выполнения: 0.016 сек.
------------------------
------------------------
[16:27:19.869] Запрос: /api/products/[object%20Object]
Время выполнения: 0.035 сек.
------------------------
------------------------
[16:27:24.543] Запрос: /catalog/fridges
Время выполнения: 0.323 сек.
------------------------
------------------------
[16:27:24.821] Запрос: /assets/js/bootstrap.esm.js.map
Время выполнения: 0.020 сек.
------------------------
------------------------
[16:27:58.434] Запрос: /catalog/fridges?filter%5Bprice%5D%5Bmin%5D=764.00&filter%5Bprice%5D%5Bmax%5D=1299.50
Время выполнения: 0.269 сек.
------------------------
------------------------
[16:27:58.725] Запрос: /assets/js/bootstrap.esm.js.map
Время выполнения: 0.018 сек.
------------------------
------------------------
[16:42:26.107] Запрос: /catalog/fridges?filter%5Bprice%5D%5Bmin%5D=882.00&filter%5Bprice%5D%5Bmax%5D=1299.50
Время выполнения: 0.319 сек.
------------------------
------------------------
[16:42:26.383] Запрос: /assets/js/bootstrap.esm.js.map
Время выполнения: 0.016 сек.
------------------------
------------------------
[16:53:15.699] Запрос: /catalog/cpu?sort=name_asc
Время выполнения: 0.303 сек.
------------------------
------------------------
[16:53:24.620] Запрос: /
Время выполнения: 0.298 сек.
------------------------
------------------------
[16:56:05.739] Запрос: /
Время выполнения: 0.319 сек.
------------------------
------------------------
[16:56:10.652] Запрос: /api/categories?category=&page=1&sort=name_asc
Время выполнения: 0.054 сек.
------------------------
------------------------
[16:56:19.948] Запрос: /api/categories?category=&page=1&sort=name_desc
Время выполнения: 0.050 сек.
------------------------
------------------------
[16:56:27.929] Запрос: /api/categories?category=&page=1&sort=default
Время выполнения: 0.051 сек.
------------------------
------------------------
[16:58:52.635] Запрос: /api/categories?category=&page=1&sort=price_desc
Время выполнения: 0.051 сек.
------------------------
------------------------
[16:59:11.540] Запрос: /
Время выполнения: 0.303 сек.
------------------------
------------------------
[16:59:15.614] Запрос: /api/categories?category=&page=1&sort=price_desc
Время выполнения: 0.039 сек.
------------------------
------------------------
[17:02:11.686] Запрос: /
Время выполнения: 0.203 сек.
------------------------
------------------------
[17:02:11.686] Запрос: /product/intel-core-i9-14900k?color=112&cart_quantity=1
Время выполнения: 0.202 сек.
------------------------
------------------------
[17:02:11.686] Запрос: /catalog/fridges?sort=price_asc&filter%5B4%5D=105&filter%5Bprice%5D%5Bmin%5D=640.00&filter%5Bprice%5D%5Bmax%5D=1211.00
Время выполнения: 0.202 сек.
------------------------
------------------------
[17:02:11.691] Запрос: /catalog/fridges?filter%5B4%5D=105
Время выполнения: 0.204 сек.
------------------------
------------------------
[17:02:11.880] Запрос: /
Время выполнения: 0.170 сек.
------------------------
------------------------
[17:02:12.674] Запрос: /assets/js/bootstrap.esm.js.map
Время выполнения: 0.053 сек.
------------------------
------------------------
[17:02:18.283] Запрос: /api/categories?category=&page=1&sort=price_desc
Время выполнения: 0.054 сек.
------------------------
------------------------
[17:02:22.060] Запрос: /
Время выполнения: 0.182 сек.
------------------------
------------------------
[17:02:25.484] Запрос: /api/categories?category=&page=1&sort=price_desc
Время выполнения: 0.032 сек.
------------------------
------------------------
[17:07:12.416] Запрос: /catalog/fridges?sort=price_asc&filter%5B4%5D=105&filter%5Bprice%5D%5Bmin%5D=640.00&filter%5Bprice%5D%5Bmax%5D=1211.00
Время выполнения: 0.194 сек.
------------------------
------------------------
[17:07:12.416] Запрос: /product/intel-core-i9-14900k?color=112&cart_quantity=1
Время выполнения: 0.192 сек.
------------------------
------------------------
[17:07:12.416] Запрос: /
Время выполнения: 0.194 сек.
------------------------
------------------------
[17:07:12.416] Запрос: /catalog/fridges?filter%5B4%5D=105
Время выполнения: 0.194 сек.
------------------------
------------------------
[17:07:12.579] Запрос: /
Время выполнения: 0.141 сек.
------------------------
------------------------
[17:07:13.402] Запрос: /assets/js/bootstrap.esm.js.map
Время выполнения: 0.027 сек.
------------------------
------------------------
[17:07:19.695] Запрос: /api/categories?category=&page=1&sort=price_desc
Время выполнения: 0.052 сек.
------------------------
------------------------
[17:07:24.102] Запрос: /
Время выполнения: 0.276 сек.
------------------------
------------------------
[17:07:28.044] Запрос: /api/categories?category=&page=1&sort=price_asc
Время выполнения: 0.034 сек.
------------------------
------------------------
[17:07:32.375] Запрос: /assets/js/bootstrap.esm.js.map
Время выполнения: 0.034 сек.
------------------------
------------------------
[17:11:10.492] Запрос: /
Время выполнения: 0.209 сек.
------------------------
------------------------
[17:11:10.492] Запрос: /catalog/fridges?sort=price_asc&filter%5B4%5D=105&filter%5Bprice%5D%5Bmin%5D=640.00&filter%5Bprice%5D%5Bmax%5D=1211.00
Время выполнения: 0.209 сек.
------------------------
------------------------
[17:11:10.492] Запрос: /catalog/fridges?filter%5B4%5D=105
Время выполнения: 0.207 сек.
------------------------
------------------------
[17:11:10.492] Запрос: /product/intel-core-i9-14900k?color=112&cart_quantity=1
Время выполнения: 0.209 сек.
------------------------
------------------------
[17:11:10.659] Запрос: /
Время выполнения: 0.147 сек.
------------------------
------------------------
[17:11:11.357] Запрос: /assets/js/bootstrap.esm.js.map
Время выполнения: 0.017 сек.
------------------------
------------------------
[17:11:11.358] Запрос: /assets/js/bootstrap.esm.js.map
Время выполнения: 0.017 сек.
------------------------
------------------------
[17:11:44.071] Запрос: /
Время выполнения: 0.302 сек.
------------------------
------------------------
[17:11:44.355] Запрос: /assets/js/bootstrap.esm.js.map
Время выполнения: 0.018 сек.
------------------------
------------------------
[17:13:28.479] Запрос: /product/intel-core-i9-14900k?color=112&cart_quantity=1
Время выполнения: 0.128 сек.
------------------------
------------------------
[17:13:28.479] Запрос: /
Время выполнения: 0.126 сек.
------------------------
------------------------
[17:13:28.483] Запрос: /catalog/fridges?sort=price_asc&filter%5B4%5D=105&filter%5Bprice%5D%5Bmin%5D=640.00&filter%5Bprice%5D%5Bmax%5D=1211.00
Время выполнения: 0.132 сек.
------------------------
------------------------
[17:13:28.483] Запрос: /catalog/fridges?filter%5B4%5D=105
Время выполнения: 0.131 сек.
------------------------
------------------------
[17:13:28.617] Запрос: /
Время выполнения: 0.116 сек.
------------------------
------------------------
[17:13:29.363] Запрос: /assets/js/bootstrap.esm.js.map
Время выполнения: 0.032 сек.
------------------------
------------------------
[17:13:29.437] Запрос: /assets/js/bootstrap.esm.js.map
Время выполнения: 0.021 сек.
------------------------
------------------------
[17:13:42.084] Запрос: /
Время выполнения: 0.297 сек.
------------------------
------------------------
[17:13:42.320] Запрос: /assets/js/bootstrap.esm.js.map
Время выполнения: 0.021 сек.
------------------------
------------------------
[17:13:46.296] Запрос: /api/products/[object%20Object]
Время выполнения: 0.029 сек.
------------------------
------------------------
[17:13:53.263] Запрос: /api/products/[object%20Object]
Время выполнения: 0.050 сек.
------------------------
------------------------
[17:16:04.316] Запрос: /catalog/fridges?sort=price_asc&filter%5B4%5D=105&filter%5Bprice%5D%5Bmin%5D=640.00&filter%5Bprice%5D%5Bmax%5D=1211.00
Время выполнения: 0.222 сек.
------------------------
------------------------
[17:16:04.316] Запрос: /
Время выполнения: 0.224 сек.
------------------------
------------------------
[17:16:04.316] Запрос: /product/intel-core-i9-14900k?color=112&cart_quantity=1
Время выполнения: 0.224 сек.
------------------------
------------------------
[17:16:04.317] Запрос: /catalog/fridges?filter%5B4%5D=105
Время выполнения: 0.225 сек.
------------------------
------------------------
[17:16:04.479] Запрос: /
Время выполнения: 0.140 сек.
------------------------
------------------------
[17:16:05.269] Запрос: /assets/js/bootstrap.esm.js.map
Время выполнения: 0.035 сек.
------------------------
------------------------
[17:16:05.283] Запрос: /assets/js/bootstrap.esm.js.map
Время выполнения: 0.019 сек.
------------------------
------------------------
[17:16:14.010] Запрос: /
Время выполнения: 0.107 сек.
------------------------
------------------------
[17:16:14.010] Запрос: /
Время выполнения: 0.107 сек.
------------------------
------------------------
[17:16:14.010] Запрос: /catalog/fridges?sort=price_asc&filter%5B4%5D=105&filter%5Bprice%5D%5Bmin%5D=640.00&filter%5Bprice%5D%5Bmax%5D=1211.00
Время выполнения: 0.107 сек.
------------------------
------------------------
[17:16:14.010] Запрос: /catalog/fridges?filter%5B4%5D=105
Время выполнения: 0.106 сек.
------------------------
------------------------
[17:16:14.011] Запрос: /product/intel-core-i9-14900k?color=112&cart_quantity=1
Время выполнения: 0.107 сек.
------------------------
------------------------
[17:16:14.853] Запрос: /assets/js/bootstrap.esm.js.map
Время выполнения: 0.015 сек.
------------------------
------------------------
[17:16:14.948] Запрос: /assets/js/bootstrap.esm.js.map
Время выполнения: 0.023 сек.
------------------------
------------------------
[17:21:14.552] Запрос: /catalog/fridges?sort=price_asc&filter%5B4%5D=105&filter%5Bprice%5D%5Bmin%5D=640.00&filter%5Bprice%5D%5Bmax%5D=1211.00
Время выполнения: 0.309 сек.
------------------------
------------------------
[17:21:14.810] Запрос: /assets/js/bootstrap.esm.js.map
Время выполнения: 0.026 сек.
------------------------
------------------------
[17:25:31.520] Запрос: /
Время выполнения: 0.185 сек.
------------------------
------------------------
[17:25:31.520] Запрос: /
Время выполнения: 0.186 сек.
------------------------
------------------------
[17:25:31.522] Запрос: /catalog/fridges?filters%5B4%5D=41%2C169&filters%5Bprice%5D%5Bmin%5D=719.00&filters%5Bprice%5D%5Bmax%5D=1299.50
Время выполнения: 0.183 сек.
------------------------
------------------------
[17:25:31.522] Запрос: /catalog/fridges?filters%5B4%5D=41%2C169
Время выполнения: 0.185 сек.
------------------------
------------------------
[17:25:31.522] Запрос: /product/intel-core-i9-14900k?color=112&cart_quantity=1
Время выполнения: 0.188 сек.
------------------------
------------------------
[17:25:32.421] Запрос: /assets/js/bootstrap.esm.js.map
Время выполнения: 0.025 сек.
------------------------
------------------------
[17:25:32.424] Запрос: /assets/js/bootstrap.esm.js.map
Время выполнения: 0.025 сек.
------------------------
------------------------
[17:25:41.391] Запрос: /api/products/[object%20Object]
Время выполнения: 0.048 сек.
------------------------
------------------------
[17:28:42.809] Запрос: /product/intel-core-i9-14900k?color=112&cart_quantity=1
Время выполнения: 0.169 сек.
------------------------
------------------------
[17:28:42.809] Запрос: /catalog/fridges?filters%5B4%5D=41%2C169&filters%5Bprice%5D%5Bmin%5D=719.00&filters%5Bprice%5D%5Bmax%5D=1299.50
Время выполнения: 0.169 сек.
------------------------
------------------------
[17:28:42.809] Запрос: /catalog/fridges?filters%5B4%5D=41%2C169
Время выполнения: 0.169 сек.
------------------------
------------------------
[17:28:42.809] Запрос: /
Время выполнения: 0.168 сек.
------------------------
------------------------
[17:28:42.985] Запрос: /
Время выполнения: 0.154 сек.
------------------------
------------------------
[17:28:43.964] Запрос: /assets/js/bootstrap.esm.js.map
Время выполнения: 0.054 сек.
------------------------
------------------------
[17:28:43.964] Запрос: /assets/js/bootstrap.esm.js.map
Время выполнения: 0.056 сек.
------------------------
------------------------
[17:29:15.318] Запрос: /
Время выполнения: 0.313 сек.
------------------------
------------------------
[17:29:15.588] Запрос: /assets/js/bootstrap.esm.js.map
Время выполнения: 0.023 сек.
------------------------
------------------------
[17:29:39.862] Запрос: /catalog/fridges?filters%5B4%5D=41%2C169&filters%5Bprice%5D%5Bmin%5D=719.00&filters%5Bprice%5D%5Bmax%5D=1299.50
Время выполнения: 0.300 сек.
------------------------
------------------------
[17:29:40.149] Запрос: /assets/js/bootstrap.esm.js.map
Время выполнения: 0.016 сек.
------------------------
------------------------
[17:46:54.166] Запрос: /product/gorenje-naturefresh
Время выполнения: 0.284 сек.
------------------------
------------------------
[17:46:54.333] Запрос: /product/gorenje-naturefresh
Время выполнения: 0.144 сек.
------------------------
------------------------
[17:46:54.560] Запрос: /assets/js/bootstrap.esm.js.map
Время выполнения: 0.017 сек.
------------------------
------------------------
[17:55:08.672] Запрос: /product/gorenje-naturefresh
Время выполнения: 0.284 сек.
------------------------
------------------------
[17:55:08.906] Запрос: /assets/js/bootstrap.esm.js.map
Время выполнения: 0.022 сек.
------------------------
------------------------
[17:55:10.566] Запрос: /product/gorenje-naturefresh
Время выполнения: 0.108 сек.
------------------------
------------------------
[17:55:10.793] Запрос: /assets/js/bootstrap.esm.js.map
Время выполнения: 0.016 сек.
------------------------
------------------------
[17:55:13.797] Запрос: /product/gorenje-naturefresh
Время выполнения: 0.281 сек.
------------------------
------------------------
[17:55:14.030] Запрос: /assets/js/bootstrap.esm.js.map
Время выполнения: 0.021 сек.
------------------------
------------------------
[17:55:15.784] Запрос: /product/gorenje-naturefresh
Время выполнения: 0.094 сек.
------------------------
------------------------
[17:55:16.017] Запрос: /assets/js/bootstrap.esm.js.map
Время выполнения: 0.018 сек.
------------------------
------------------------
[18:05:45.212] Запрос: /product/gorenje-naturefresh
Время выполнения: 0.334 сек.
------------------------
------------------------
[18:05:45.502] Запрос: /assets/js/bootstrap.esm.js.map
Время выполнения: 0.014 сек.
------------------------
------------------------
[18:05:49.251] Запрос: /product/gorenje-naturefresh
Время выполнения: 0.311 сек.
------------------------
------------------------
[18:05:49.532] Запрос: /assets/js/bootstrap.esm.js.map
Время выполнения: 0.019 сек.
------------------------
------------------------
[18:05:51.348] Запрос: /product/gorenje-naturefresh
Время выполнения: 0.301 сек.
------------------------
------------------------
[18:05:51.586] Запрос: /assets/js/bootstrap.esm.js.map
Время выполнения: 0.018 сек.
------------------------
------------------------
[18:05:53.160] Запрос: /product/gorenje-naturefresh
Время выполнения: 0.128 сек.
------------------------
------------------------
[18:05:53.403] Запрос: /assets/js/bootstrap.esm.js.map
Время выполнения: 0.019 сек.
------------------------
------------------------
[18:06:03.043] Запрос: /product/gorenje-naturefresh
Время выполнения: 0.227 сек.
------------------------
------------------------
[18:06:03.402] Запрос: /assets/js/bootstrap.esm.js.map
Время выполнения: 0.015 сек.
------------------------
