------------------------
[15:56:11.634] Запрос: /
Время выполнения: 0.446 сек.
------------------------
------------------------
[15:58:37.623] Запрос: /catalog/cpu
Время выполнения: 0.314 сек.
------------------------
------------------------
[15:58:56.457] Запрос: /catalog/cpu
Время выполнения: 0.309 сек.
------------------------
------------------------
[15:59:28.078] Запрос: /catalog/cpu
Время выполнения: 0.306 сек.
------------------------
------------------------
[15:59:48.217] Запрос: /catalog/cpu
Время выполнения: 0.300 сек.
------------------------
------------------------
[16:00:13.036] Запрос: /product/cpu
Время выполнения: 0.052 сек.
------------------------
------------------------
[16:00:18.216] Запрос: /product/cpu
Время выполнения: 0.058 сек.
------------------------
------------------------
[16:04:15.001] Запрос: /product/cpu
Время выполнения: 0.077 сек.
------------------------
------------------------
[16:05:04.800] Запрос: /product/cpu
Время выполнения: 0.075 сек.
------------------------
------------------------
[16:40:13.748] Запрос: /product/cpu
Время выполнения: 0.062 сек.
------------------------
------------------------
[16:40:26.003] Запрос: /product/cpu
Время выполнения: 0.074 сек.
------------------------
------------------------
[16:40:28.140] Запрос: /product/cpu
Время выполнения: 0.073 сек.
------------------------
------------------------
[16:41:04.706] Запрос: /product/cpu
Время выполнения: 0.075 сек.
------------------------
------------------------
[16:41:30.622] Запрос: /product/cpu
Время выполнения: 0.064 сек.
------------------------
------------------------
[16:41:56.548] Запрос: /product/cpu
Время выполнения: 0.285 сек.
------------------------
------------------------
[16:42:49.046] Запрос: /assets/js/bootstrap.esm.js.map
Время выполнения: 0.061 сек.
------------------------
------------------------
[17:25:51.135] Запрос: /product/cpu
Время выполнения: 0.276 сек.
------------------------
------------------------
[17:25:51.368] Запрос: /assets/js/bootstrap.esm.js.map
Время выполнения: 0.016 сек.
------------------------
------------------------
[17:28:11.379] Запрос: /product/cpu
Время выполнения: 0.285 сек.
------------------------
------------------------
[17:28:11.586] Запрос: /assets/js/bootstrap.esm.js.map
Время выполнения: 0.018 сек.
------------------------
------------------------
[17:30:05.566] Запрос: /product/cpu
Время выполнения: 0.287 сек.
------------------------
------------------------
[17:30:05.802] Запрос: /assets/js/bootstrap.esm.js.map
Время выполнения: 0.024 сек.
------------------------
------------------------
[17:30:51.913] Запрос: /product/cpu
Время выполнения: 0.323 сек.
------------------------
------------------------
[17:30:52.148] Запрос: /assets/js/bootstrap.esm.js.map
Время выполнения: 0.021 сек.
------------------------
------------------------
[17:31:40.163] Запрос: /product/cpu
Время выполнения: 0.294 сек.
------------------------
------------------------
[17:31:40.404] Запрос: /assets/js/bootstrap.esm.js.map
Время выполнения: 0.019 сек.
------------------------
------------------------
[17:32:09.652] Запрос: /product/cpu
Время выполнения: 0.265 сек.
------------------------
------------------------
[17:32:09.866] Запрос: /assets/js/bootstrap.esm.js.map
Время выполнения: 0.017 сек.
------------------------
------------------------
[18:03:01.160] Запрос: /catalog/cpu
Время выполнения: 0.227 сек.
------------------------
------------------------
[18:03:01.160] Запрос: /product/cpu
Время выполнения: 0.228 сек.
------------------------
------------------------
[18:03:01.529] Запрос: /assets/js/bootstrap.esm.js.map
Время выполнения: 0.018 сек.
------------------------
------------------------
[18:04:09.557] Запрос: /product/cpu
Время выполнения: 0.269 сек.
------------------------
------------------------
[18:04:09.795] Запрос: /assets/js/bootstrap.esm.js.map
Время выполнения: 0.019 сек.
------------------------
------------------------
[18:06:15.106] Запрос: /product/cpu
Время выполнения: 0.315 сек.
------------------------
------------------------
[18:06:15.339] Запрос: /assets/js/bootstrap.esm.js.map
Время выполнения: 0.020 сек.
------------------------
------------------------
[18:13:48.817] Запрос: /product/cpu
Время выполнения: 0.215 сек.
------------------------
------------------------
[18:13:48.817] Запрос: /catalog/cpu
Время выполнения: 0.215 сек.
------------------------
------------------------
[18:13:49.174] Запрос: /assets/js/bootstrap.esm.js.map
Время выполнения: 0.020 сек.
------------------------
------------------------
[18:14:07.152] Запрос: /product/cpu
Время выполнения: 0.259 сек.
------------------------
------------------------
[18:14:07.368] Запрос: /assets/js/bootstrap.esm.js.map
Время выполнения: 0.016 сек.
------------------------
------------------------
[18:16:21.738] Запрос: /product/cpu
Время выполнения: 0.273 сек.
------------------------
------------------------
[18:16:21.942] Запрос: /product/getimage/pixel_trans.png
Время выполнения: 0.017 сек.
------------------------
------------------------
[18:16:21.947] Запрос: /product/getimage/320x320/products/14d53a7060f91a8bd1f1e3235a1eab99.jpg?r=y
Время выполнения: 0.018 сек.
------------------------
------------------------
[18:16:21.966] Запрос: /assets/js/bootstrap.esm.js.map
Время выполнения: 0.018 сек.
------------------------
------------------------
[18:16:22.052] Запрос: /product/getimage/101x101/products/14d53a7060f91a8bd1f1e3235a1eab99.jpg
Время выполнения: 0.020 сек.
------------------------
------------------------
[18:16:22.057] Запрос: /product/getimage/101x101/products/87fcd37328cd7d770fb8de6c963acd7a.jpg
Время выполнения: 0.021 сек.
------------------------
------------------------
[18:16:22.059] Запрос: /product/getimage/101x101/products/e187682ca79b12ebf00be35e3dcdab10.jpg
Время выполнения: 0.016 сек.
------------------------
------------------------
[18:16:22.060] Запрос: /product/getimage/101x101/products/c40fdeba4ffaba3e1d3189be3028265c.jpg
Время выполнения: 0.019 сек.
------------------------
------------------------
[18:16:22.061] Запрос: /product/getimage/101x101/products/6647c0d1aa2526ce8fd4b35e1085bc9f.jpg
Время выполнения: 0.020 сек.
------------------------
------------------------
[18:16:22.070] Запрос: /product/getimage/101x101/products/f1730107e6bf2d95859641bdc7c40fe1.jpg
Время выполнения: 0.023 сек.
------------------------
------------------------
[18:16:22.136] Запрос: /product/images/products_options_values/Gold.jpg
Время выполнения: 0.021 сек.
------------------------
------------------------
[18:16:22.136] Запрос: /product/images/products_options_values/black.jpg
Время выполнения: 0.022 сек.
------------------------
------------------------
[18:18:18.058] Запрос: /product/cpu
Время выполнения: 0.307 сек.
------------------------
------------------------
[18:18:18.254] Запрос: /product/getimage/pixel_trans.png
Время выполнения: 0.019 сек.
------------------------
------------------------
[18:18:18.271] Запрос: /product/getimage/320x320/products/14d53a7060f91a8bd1f1e3235a1eab99.jpg?r=y
Время выполнения: 0.018 сек.
------------------------
------------------------
[18:18:18.345] Запрос: /product/getimage/101x101/products/14d53a7060f91a8bd1f1e3235a1eab99.jpg
Время выполнения: 0.022 сек.
------------------------
------------------------
[18:18:18.345] Запрос: /assets/js/bootstrap.esm.js.map
Время выполнения: 0.027 сек.
------------------------
------------------------
[18:18:18.365] Запрос: /product/getimage/101x101/products/6647c0d1aa2526ce8fd4b35e1085bc9f.jpg
Время выполнения: 0.028 сек.
------------------------
------------------------
[18:18:18.365] Запрос: /product/getimage/101x101/products/c40fdeba4ffaba3e1d3189be3028265c.jpg
Время выполнения: 0.027 сек.
------------------------
------------------------
[18:18:18.365] Запрос: /product/getimage/101x101/products/87fcd37328cd7d770fb8de6c963acd7a.jpg
Время выполнения: 0.032 сек.
------------------------
------------------------
[18:18:18.382] Запрос: /product/getimage/101x101/products/e187682ca79b12ebf00be35e3dcdab10.jpg
Время выполнения: 0.028 сек.
------------------------
------------------------
[18:18:18.413] Запрос: /product/getimage/101x101/products/f1730107e6bf2d95859641bdc7c40fe1.jpg
Время выполнения: 0.031 сек.
------------------------
------------------------
[18:18:18.456] Запрос: /product/images/products_options_values/Gold.jpg
Время выполнения: 0.025 сек.
------------------------
------------------------
[18:18:18.486] Запрос: /product/images/products_options_values/black.jpg
Время выполнения: 0.025 сек.
------------------------
------------------------
[18:24:33.110] Запрос: /product/cpu
Время выполнения: 0.306 сек.
------------------------
------------------------
[18:24:33.336] Запрос: /product/images/products_options_values/Gold.jpg
Время выполнения: 0.015 сек.
------------------------
------------------------
[18:24:33.395] Запрос: /product/images/products_options_values/black.jpg
Время выполнения: 0.029 сек.
------------------------
------------------------
[18:24:33.410] Запрос: /assets/js/bootstrap.esm.js.map
Время выполнения: 0.026 сек.
------------------------
------------------------
[18:26:13.861] Запрос: /product/cpu
Время выполнения: 0.270 сек.
------------------------
------------------------
[18:26:14.075] Запрос: /product/images/products_options_values/Gold.jpg
Время выполнения: 0.017 сек.
------------------------
------------------------
[18:26:14.092] Запрос: /product/images/products_options_values/black.jpg
Время выполнения: 0.022 сек.
------------------------
------------------------
[18:26:14.112] Запрос: /assets/js/bootstrap.esm.js.map
Время выполнения: 0.020 сек.
------------------------
------------------------
[18:27:25.918] Запрос: /product/cpu
Время выполнения: 0.278 сек.
------------------------
------------------------
[18:27:26.128] Запрос: /product/images/products_options_values/Gold.jpg
Время выполнения: 0.022 сек.
------------------------
------------------------
[18:27:26.132] Запрос: /product/images/products_options_values/black.jpg
Время выполнения: 0.025 сек.
------------------------
------------------------
[18:27:26.160] Запрос: /assets/js/bootstrap.esm.js.map
Время выполнения: 0.025 сек.
------------------------
------------------------
[18:29:42.399] Запрос: /product/cpu
Время выполнения: 0.304 сек.
------------------------
------------------------
[18:29:42.645] Запрос: /assets/js/bootstrap.esm.js.map
Время выполнения: 0.018 сек.
------------------------
------------------------
[18:33:26.621] Запрос: /product/cpu
Время выполнения: 0.257 сек.
------------------------
------------------------
[18:33:26.866] Запрос: /product/images/products_options_values/black.jpg
Время выполнения: 0.015 сек.
------------------------
------------------------
[18:33:26.866] Запрос: /product/images/products_options_values/Gold.jpg
Время выполнения: 0.016 сек.
------------------------
------------------------
[18:33:26.908] Запрос: /assets/js/bootstrap.esm.js.map
Время выполнения: 0.072 сек.
------------------------
------------------------
[18:44:25.559] Запрос: /product/cpu
Время выполнения: 0.253 сек.
------------------------
------------------------
[18:44:25.769] Запрос: /product/images/products_options_values/Gold.jpg
Время выполнения: 0.018 сек.
------------------------
------------------------
[18:44:25.778] Запрос: /product/images/products_options_values/black.jpg
Время выполнения: 0.018 сек.
------------------------
------------------------
[18:44:25.799] Запрос: /assets/js/bootstrap.esm.js.map
Время выполнения: 0.018 сек.
------------------------
------------------------
[18:49:05.328] Запрос: /product/cpu
Время выполнения: 0.265 сек.
------------------------
------------------------
[18:49:05.536] Запрос: /product/images/products_options_values/black.jpg
Время выполнения: 0.014 сек.
------------------------
------------------------
[18:49:05.536] Запрос: /product/images/products_options_values/Gold.jpg
Время выполнения: 0.014 сек.
------------------------
------------------------
[18:49:05.555] Запрос: /assets/js/bootstrap.esm.js.map
Время выполнения: 0.017 сек.
------------------------
------------------------
[18:54:32.561] Запрос: /assets/js/bootstrap.esm.js.map
Время выполнения: 0.051 сек.
------------------------
------------------------
[19:00:05.544] Запрос: /product/cpu
Время выполнения: 0.289 сек.
------------------------
------------------------
[19:07:58.614] Запрос: /product/cpu
Время выполнения: 0.260 сек.
------------------------
------------------------
[19:10:28.370] Запрос: /assets/js/bootstrap.esm.js.map
Время выполнения: 0.054 сек.
------------------------
------------------------
[19:20:59.173] Запрос: /catalog/cpu
Время выполнения: 0.294 сек.
------------------------
------------------------
[19:22:14.246] Запрос: /catalog/cpu?sort=name_asc
Время выполнения: 0.293 сек.
------------------------
------------------------
[19:45:12.335] Запрос: /product/intel-core-i9-14900k
Время выполнения: 0.317 сек.
------------------------
------------------------
[19:52:16.904] Запрос: /product/intel-core-i9-14900k
Время выполнения: 0.279 сек.
------------------------
------------------------
[19:54:03.073] Запрос: /product/intel-core-i9-14900k
Время выполнения: 0.272 сек.
------------------------
------------------------
[20:06:03.223] Запрос: /product/intel-core-i9-14900k
Время выполнения: 0.292 сек.
------------------------
------------------------
[20:06:12.134] Запрос: /assets/js/bootstrap.esm.js.map
Время выполнения: 0.044 сек.
------------------------
------------------------
[20:09:52.512] Запрос: /product/intel-core-i9-14900k
Время выполнения: 0.311 сек.
------------------------
------------------------
[20:09:52.748] Запрос: /assets/js/bootstrap.esm.js.map
Время выполнения: 0.017 сек.
------------------------
------------------------
[21:46:43.401] Запрос: /catalog/cpu?sort=name_asc
Время выполнения: 0.277 сек.
------------------------
------------------------
[21:46:47.342] Запрос: /catalog/cpu?sort=name_asc
Время выполнения: 0.314 сек.
------------------------
------------------------
[21:49:23.210] Запрос: /product/intel-core-i9-14900k
Время выполнения: 0.251 сек.
------------------------
------------------------
[21:49:23.437] Запрос: /assets/js/bootstrap.esm.js.map
Время выполнения: 0.017 сек.
------------------------
------------------------
[21:50:48.602] Запрос: /product/intel-core-i9-14900k
Время выполнения: 0.326 сек.
------------------------
------------------------
[21:50:48.842] Запрос: /assets/js/bootstrap.esm.js.map
Время выполнения: 0.019 сек.
------------------------
------------------------
[21:50:52.221] Запрос: /product/intel-core-i9-14900k?color=112&cart_quantity=1
Время выполнения: 0.195 сек.
------------------------
------------------------
[21:50:52.485] Запрос: /assets/js/bootstrap.esm.js.map
Время выполнения: 0.018 сек.
------------------------
------------------------
[21:53:09.060] Запрос: /product/intel-core-i9-14900k?color=112&cart_quantity=1
Время выполнения: 0.297 сек.
------------------------
------------------------
[21:53:09.275] Запрос: /assets/js/bootstrap.esm.js.map
Время выполнения: 0.016 сек.
------------------------
------------------------
[22:01:53.576] Запрос: /product/intel-core-i9-14900k
Время выполнения: 0.271 сек.
------------------------
------------------------
[22:20:37.547] Запрос: /product/intel-core-i9-14900k
Время выполнения: 0.291 сек.
------------------------
------------------------
[22:20:42.741] Запрос: /assets/js/bootstrap.esm.js.map
Время выполнения: 0.049 сек.
------------------------
------------------------
[22:26:23.495] Запрос: /product/intel-core-i9-14900k
Время выполнения: 0.267 сек.
------------------------
------------------------
[22:26:23.712] Запрос: /assets/js/bootstrap.esm.js.map
Время выполнения: 0.018 сек.
------------------------
------------------------
[22:29:23.452] Запрос: /product/intel-core-i9-14900k
Время выполнения: 0.310 сек.
------------------------
------------------------
[22:29:23.711] Запрос: /assets/js/bootstrap.esm.js.map
Время выполнения: 0.026 сек.
------------------------
------------------------
[22:30:59.219] Запрос: /product/intel-core-i9-14900k
Время выполнения: 0.297 сек.
------------------------
------------------------
[22:30:59.444] Запрос: /assets/js/bootstrap.esm.js.map
Время выполнения: 0.017 сек.
------------------------
------------------------
[22:31:23.438] Запрос: /product/intel-core-i9-14900k
Время выполнения: 0.278 сек.
------------------------
------------------------
[22:31:23.675] Запрос: /assets/js/bootstrap.esm.js.map
Время выполнения: 0.023 сек.
------------------------
------------------------
[22:33:01.945] Запрос: /product/intel-core-i9-14900k
Время выполнения: 0.298 сек.
------------------------
------------------------
[22:33:02.213] Запрос: /assets/js/bootstrap.esm.js.map
Время выполнения: 0.023 сек.
------------------------
------------------------
[22:33:04.786] Запрос: /product/intel-core-i9-14900k?color=112&cart_quantity=1
Время выполнения: 0.115 сек.
------------------------
------------------------
[22:33:04.787] Запрос: /product/intel-core-i9-14900k?color=112&cart_quantity=1
Время выполнения: 0.114 сек.
------------------------
------------------------
[22:33:05.190] Запрос: /assets/js/bootstrap.esm.js.map
Время выполнения: 0.022 сек.
------------------------
------------------------
[22:33:05.205] Запрос: /assets/js/bootstrap.esm.js.map
Время выполнения: 0.018 сек.
------------------------
------------------------
[22:33:26.857] Запрос: /product/intel-core-i9-14900k?color=112&cart_quantity=1
Время выполнения: 0.173 сек.
------------------------
------------------------
[22:33:27.116] Запрос: /assets/js/bootstrap.esm.js.map
Время выполнения: 0.017 сек.
------------------------
------------------------
[22:33:30.996] Запрос: /product/intel-core-i9-14900k?color=112&cart_quantity=1
Время выполнения: 0.138 сек.
------------------------
------------------------
[22:33:30.996] Запрос: /product/intel-core-i9-14900k?color=112&cart_quantity=1
Время выполнения: 0.139 сек.
------------------------
------------------------
[22:33:31.432] Запрос: /assets/js/bootstrap.esm.js.map
Время выполнения: 0.024 сек.
------------------------
------------------------
[22:33:31.434] Запрос: /assets/js/bootstrap.esm.js.map
Время выполнения: 0.024 сек.
------------------------
------------------------
[22:34:28.136] Запрос: /product/intel-core-i9-14900k?color=112&cart_quantity=1
Время выполнения: 0.183 сек.
------------------------
------------------------
[22:34:28.380] Запрос: /assets/js/bootstrap.esm.js.map
Время выполнения: 0.018 сек.
------------------------
------------------------
[22:34:31.311] Запрос: /product/intel-core-i9-14900k?color=112&cart_quantity=1
Время выполнения: 0.177 сек.
------------------------
------------------------
[22:34:31.530] Запрос: /assets/js/bootstrap.esm.js.map
Время выполнения: 0.018 сек.
------------------------
------------------------
[22:36:15.428] Запрос: /product/intel-core-i9-14900k?color=112&cart_quantity=1
Время выполнения: 0.153 сек.
------------------------
------------------------
[22:36:15.429] Запрос: /product/intel-core-i9-14900k?color=112&cart_quantity=1
Время выполнения: 0.154 сек.
------------------------
------------------------
[22:36:15.499] Запрос: /catalog/cpu?sort=name_asc
Время выполнения: 0.199 сек.
------------------------
------------------------
[22:36:16.007] Запрос: /assets/js/bootstrap.esm.js.map
Время выполнения: 0.023 сек.
------------------------
------------------------
[22:36:16.009] Запрос: /assets/js/bootstrap.esm.js.map
Время выполнения: 0.025 сек.
------------------------
------------------------
[22:36:26.389] Запрос: /product/intel-core-i9-14900k?color=112&cart_quantity=1
Время выполнения: 0.186 сек.
------------------------
------------------------
[22:36:26.701] Запрос: /assets/js/bootstrap.esm.js.map
Время выполнения: 0.029 сек.
------------------------
------------------------
[22:41:36.063] Запрос: /product/intel-core-i9-14900k?color=112&cart_quantity=1
Время выполнения: 0.184 сек.
------------------------
------------------------
[22:41:36.068] Запрос: /catalog/cpu?sort=name_asc
Время выполнения: 0.188 сек.
------------------------
------------------------
[22:41:36.218] Запрос: /product/intel-core-i9-14900k?color=112&cart_quantity=1
Время выполнения: 0.138 сек.
------------------------
------------------------
[22:42:21.246] Запрос: /product/intel-core-i9-14900k?color=112&cart_quantity=1
Время выполнения: 0.131 сек.
------------------------
------------------------
[22:42:21.254] Запрос: /catalog/cpu?sort=name_asc
Время выполнения: 0.134 сек.
------------------------
------------------------
[22:42:21.393] Запрос: /product/intel-core-i9-14900k?color=112&cart_quantity=1
Время выполнения: 0.121 сек.
------------------------
------------------------
[22:42:52.583] Запрос: /assets/js/bootstrap.esm.js.map
Время выполнения: 0.050 сек.
------------------------
------------------------
[22:43:25.723] Запрос: /product/intel-core-i9-14900k?color=112&cart_quantity=1
Время выполнения: 0.083 сек.
------------------------
------------------------
[22:43:25.723] Запрос: /product/intel-core-i9-14900k?color=112&cart_quantity=1
Время выполнения: 0.084 сек.
------------------------
------------------------
[22:43:25.759] Запрос: /catalog/cpu?sort=name_asc
Время выполнения: 0.111 сек.
------------------------
------------------------
[22:43:26.254] Запрос: /assets/js/bootstrap.esm.js.map
Время выполнения: 0.021 сек.
------------------------
------------------------
[22:44:57.004] Запрос: /product/intel-core-i9-14900k?color=112&cart_quantity=1
Время выполнения: 0.099 сек.
------------------------
------------------------
[22:44:57.004] Запрос: /product/intel-core-i9-14900k?color=112&cart_quantity=1
Время выполнения: 0.099 сек.
------------------------
------------------------
[22:44:57.035] Запрос: /catalog/cpu?sort=name_asc
Время выполнения: 0.122 сек.
------------------------
------------------------
[22:44:57.514] Запрос: /assets/js/bootstrap.esm.js.map
Время выполнения: 0.015 сек.
------------------------
------------------------
[22:45:46.236] Запрос: /product/intel-core-i9-14900k?color=112&cart_quantity=1
Время выполнения: 0.300 сек.
------------------------
------------------------
[22:45:46.517] Запрос: /assets/js/bootstrap.esm.js.map
Время выполнения: 0.036 сек.
------------------------
------------------------
[22:50:27.297] Запрос: /product/intel-core-i9-14900k?color=112&cart_quantity=1
Время выполнения: 0.171 сек.
------------------------
------------------------
[22:50:27.299] Запрос: /product/intel-core-i9-14900k?color=112&cart_quantity=1
Время выполнения: 0.172 сек.
------------------------
------------------------
[22:50:27.338] Запрос: /catalog/cpu?sort=name_asc
Время выполнения: 0.207 сек.
------------------------
------------------------
[22:50:27.797] Запрос: /assets/js/bootstrap.esm.js.map
Время выполнения: 0.020 сек.
------------------------
------------------------
[22:50:35.602] Запрос: /product/intel-core-i9-14900k?color=112&cart_quantity=1
Время выполнения: 0.189 сек.
------------------------
------------------------
[22:50:35.606] Запрос: /catalog/cpu?sort=name_asc
Время выполнения: 0.191 сек.
------------------------
------------------------
[22:51:04.227] Запрос: /catalog/cpu?sort=name_asc
Время выполнения: 0.133 сек.
------------------------
------------------------
[22:51:04.226] Запрос: /product/intel-core-i9-14900k?color=112&cart_quantity=1
Время выполнения: 0.131 сек.
------------------------
------------------------
[22:59:44.357] Запрос: /product/intel-core-i9-14900k?color=112&cart_quantity=1
Время выполнения: 0.153 сек.
------------------------
------------------------
[22:59:44.358] Запрос: /product/intel-core-i9-14900k?color=112&cart_quantity=1
Время выполнения: 0.152 сек.
------------------------
------------------------
[22:59:44.399] Запрос: /catalog/cpu?sort=name_asc
Время выполнения: 0.186 сек.
------------------------
------------------------
[22:59:44.894] Запрос: /assets/js/bootstrap.esm.js.map
Время выполнения: 0.021 сек.
------------------------
------------------------
[22:59:54.439] Запрос: /product/intel-core-i9-14900k?color=112&cart_quantity=1
Время выполнения: 0.089 сек.
------------------------
------------------------
[22:59:54.439] Запрос: /product/intel-core-i9-14900k?color=112&cart_quantity=1
Время выполнения: 0.088 сек.
------------------------
------------------------
[22:59:54.504] Запрос: /catalog/cpu?sort=name_asc
Время выполнения: 0.141 сек.
------------------------
------------------------
[22:59:54.972] Запрос: /assets/js/bootstrap.esm.js.map
Время выполнения: 0.017 сек.
------------------------
------------------------
[23:00:01.116] Запрос: /product/intel-core-i9-14900k?color=112&cart_quantity=1
Время выполнения: 0.154 сек.
------------------------
------------------------
[23:00:01.362] Запрос: /assets/js/bootstrap.esm.js.map
Время выполнения: 0.021 сек.
------------------------
------------------------
[23:01:19.102] Запрос: /product/intel-core-i9-14900k?color=112&cart_quantity=1
Время выполнения: 0.113 сек.
------------------------
------------------------
[23:01:19.102] Запрос: /product/intel-core-i9-14900k?color=112&cart_quantity=1
Время выполнения: 0.110 сек.
------------------------
------------------------
[23:01:19.121] Запрос: /catalog/cpu?sort=name_asc
Время выполнения: 0.126 сек.
------------------------
------------------------
[23:01:19.648] Запрос: /assets/js/bootstrap.esm.js.map
Время выполнения: 0.022 сек.
------------------------
------------------------
[23:04:02.653] Запрос: /product/intel-core-i9-14900k?color=112&cart_quantity=1
Время выполнения: 0.270 сек.
------------------------
------------------------
[23:04:02.914] Запрос: /assets/js/bootstrap.esm.js.map
Время выполнения: 0.018 сек.
------------------------
------------------------
[23:08:45.698] Запрос: /product/intel-core-i9-14900k?color=112&cart_quantity=1
Время выполнения: 0.318 сек.
------------------------
------------------------
[23:08:46.001] Запрос: /assets/js/bootstrap.esm.js.map
Время выполнения: 0.018 сек.
------------------------
